{"/Users/gabryelmacedo/Desktop/Computacao/node/API-REST-Node-TDD/knexfile.js": {"path":"/Users/gabryelmacedo/Desktop/Computacao/node/API-REST-Node-TDD/knexfile.js","statementMap":{"0":{"start":{"line":1,"column":0},"end":{"line":18,"column":1}}},"fnMap":{},"branchMap":{},"s":{"0":7},"f":{},"b":{},"_coverageSchema":"43e27e138ebf9cfc5966b082cf9a028302ed4184","hash":"0d2fb745c0ec84bbaad8af0325eb7ab6c8aa1d3c"}
,"/Users/gabryelmacedo/Desktop/Computacao/node/API-REST-Node-TDD/src/app.js": {"path":"/Users/gabryelmacedo/Desktop/Computacao/node/API-REST-Node-TDD/src/app.js","statementMap":{"0":{"start":{"line":1,"column":12},"end":{"line":1,"column":32}},"1":{"start":{"line":2,"column":16},"end":{"line":2,"column":34}},"2":{"start":{"line":3,"column":13},"end":{"line":3,"column":28}},"3":{"start":{"line":4,"column":17},"end":{"line":4,"column":39}},"4":{"start":{"line":8,"column":0},"end":{"line":8,"column":28}},"5":{"start":{"line":10,"column":0},"end":{"line":16,"column":14}},"6":{"start":{"line":18,"column":0},"end":{"line":20,"column":2}},"7":{"start":{"line":19,"column":4},"end":{"line":19,"column":39}},"8":{"start":{"line":22,"column":0},"end":{"line":31,"column":2}},"9":{"start":{"line":23,"column":37},"end":{"line":23,"column":40}},"10":{"start":{"line":24,"column":4},"end":{"line":29,"column":5}},"11":{"start":{"line":24,"column":34},"end":{"line":24,"column":72}},"12":{"start":{"line":25,"column":9},"end":{"line":29,"column":5}},"13":{"start":{"line":25,"column":37},"end":{"line":25,"column":75}},"14":{"start":{"line":27,"column":6},"end":{"line":27,"column":26}},"15":{"start":{"line":28,"column":6},"end":{"line":28,"column":50}},"16":{"start":{"line":30,"column":4},"end":{"line":30,"column":13}},"17":{"start":{"line":34,"column":0},"end":{"line":34,"column":20}}},"fnMap":{"0":{"name":"(anonymous_0)","decl":{"start":{"line":18,"column":13},"end":{"line":18,"column":14}},"loc":{"start":{"line":18,"column":27},"end":{"line":20,"column":1}},"line":18},"1":{"name":"(anonymous_1)","decl":{"start":{"line":22,"column":8},"end":{"line":22,"column":9}},"loc":{"start":{"line":22,"column":33},"end":{"line":31,"column":1}},"line":22}},"branchMap":{"0":{"loc":{"start":{"line":24,"column":4},"end":{"line":29,"column":5}},"type":"if","locations":[{"start":{"line":24,"column":4},"end":{"line":29,"column":5}},{"start":{"line":24,"column":4},"end":{"line":29,"column":5}}],"line":24},"1":{"loc":{"start":{"line":25,"column":9},"end":{"line":29,"column":5}},"type":"if","locations":[{"start":{"line":25,"column":9},"end":{"line":29,"column":5}},{"start":{"line":25,"column":9},"end":{"line":29,"column":5}}],"line":25}},"s":{"0":7,"1":7,"2":7,"3":7,"4":7,"5":7,"6":7,"7":1,"8":7,"9":33,"10":33,"11":28,"12":5,"13":5,"14":0,"15":0,"16":33,"17":7},"f":{"0":1,"1":33},"b":{"0":[28,5],"1":[5,0]},"_coverageSchema":"43e27e138ebf9cfc5966b082cf9a028302ed4184","hash":"74aae31615bbc75d6df0bf3738f004ea615be7dc"}
,"/Users/gabryelmacedo/Desktop/Computacao/node/API-REST-Node-TDD/src/config/middlewares.js": {"path":"/Users/gabryelmacedo/Desktop/Computacao/node/API-REST-Node-TDD/src/config/middlewares.js","statementMap":{"0":{"start":{"line":1,"column":19},"end":{"line":1,"column":41}},"1":{"start":{"line":2,"column":19},"end":{"line":2,"column":41}},"2":{"start":{"line":3,"column":13},"end":{"line":3,"column":28}},"3":{"start":{"line":5,"column":0},"end":{"line":10,"column":1}},"4":{"start":{"line":6,"column":4},"end":{"line":6,"column":30}},"5":{"start":{"line":7,"column":4},"end":{"line":7,"column":54}},"6":{"start":{"line":8,"column":4},"end":{"line":8,"column":19}}},"fnMap":{"0":{"name":"(anonymous_0)","decl":{"start":{"line":5,"column":17},"end":{"line":5,"column":18}},"loc":{"start":{"line":5,"column":26},"end":{"line":10,"column":1}},"line":5}},"branchMap":{},"s":{"0":7,"1":7,"2":7,"3":7,"4":7,"5":7,"6":7},"f":{"0":7},"b":{},"_coverageSchema":"43e27e138ebf9cfc5966b082cf9a028302ed4184","hash":"f7095496017dcc6e24580088b9b85efd644044b8"}
,"/Users/gabryelmacedo/Desktop/Computacao/node/API-REST-Node-TDD/src/config/passport.js": {"path":"/Users/gabryelmacedo/Desktop/Computacao/node/API-REST-Node-TDD/src/config/passport.js","statementMap":{"0":{"start":{"line":1,"column":17},"end":{"line":1,"column":36}},"1":{"start":{"line":2,"column":20},"end":{"line":2,"column":43}},"2":{"start":{"line":3,"column":18},"end":{"line":3,"column":40}},"3":{"start":{"line":5,"column":33},"end":{"line":5,"column":44}},"4":{"start":{"line":7,"column":0},"end":{"line":27,"column":1}},"5":{"start":{"line":8,"column":19},"end":{"line":11,"column":5}},"6":{"start":{"line":13,"column":21},"end":{"line":20,"column":6}},"7":{"start":{"line":14,"column":8},"end":{"line":19,"column":43}},"8":{"start":{"line":16,"column":15},"end":{"line":17,"column":37}},"9":{"start":{"line":16,"column":24},"end":{"line":16,"column":48}},"10":{"start":{"line":17,"column":20},"end":{"line":17,"column":37}},"11":{"start":{"line":19,"column":26},"end":{"line":19,"column":42}},"12":{"start":{"line":22,"column":4},"end":{"line":22,"column":26}},"13":{"start":{"line":24,"column":4},"end":{"line":26,"column":5}},"14":{"start":{"line":25,"column":28},"end":{"line":25,"column":74}}},"fnMap":{"0":{"name":"(anonymous_0)","decl":{"start":{"line":7,"column":17},"end":{"line":7,"column":18}},"loc":{"start":{"line":7,"column":26},"end":{"line":27,"column":1}},"line":7},"1":{"name":"(anonymous_1)","decl":{"start":{"line":13,"column":42},"end":{"line":13,"column":43}},"loc":{"start":{"line":13,"column":61},"end":{"line":20,"column":5}},"line":13},"2":{"name":"(anonymous_2)","decl":{"start":{"line":15,"column":18},"end":{"line":15,"column":19}},"loc":{"start":{"line":15,"column":28},"end":{"line":18,"column":13}},"line":15},"3":{"name":"(anonymous_3)","decl":{"start":{"line":19,"column":19},"end":{"line":19,"column":20}},"loc":{"start":{"line":19,"column":26},"end":{"line":19,"column":42}},"line":19},"4":{"name":"(anonymous_4)","decl":{"start":{"line":25,"column":22},"end":{"line":25,"column":23}},"loc":{"start":{"line":25,"column":28},"end":{"line":25,"column":74}},"line":25}},"branchMap":{"0":{"loc":{"start":{"line":16,"column":15},"end":{"line":17,"column":37}},"type":"if","locations":[{"start":{"line":16,"column":15},"end":{"line":17,"column":37}},{"start":{"line":16,"column":15},"end":{"line":17,"column":37}}],"line":16}},"s":{"0":7,"1":7,"2":7,"3":7,"4":7,"5":7,"6":7,"7":70,"8":70,"9":70,"10":0,"11":0,"12":7,"13":7,"14":7},"f":{"0":7,"1":70,"2":70,"3":0,"4":7},"b":{"0":[70,0]},"_coverageSchema":"43e27e138ebf9cfc5966b082cf9a028302ed4184","hash":"f2fc9cc0e23d44b3335de9aae4c4bcec45ec3b0b"}
,"/Users/gabryelmacedo/Desktop/Computacao/node/API-REST-Node-TDD/src/config/router.js": {"path":"/Users/gabryelmacedo/Desktop/Computacao/node/API-REST-Node-TDD/src/config/router.js","statementMap":{"0":{"start":{"line":1,"column":16},"end":{"line":1,"column":34}},"1":{"start":{"line":3,"column":0},"end":{"line":15,"column":1}},"2":{"start":{"line":4,"column":4},"end":{"line":4,"column":37}},"3":{"start":{"line":6,"column":28},"end":{"line":6,"column":44}},"4":{"start":{"line":8,"column":4},"end":{"line":8,"column":51}},"5":{"start":{"line":9,"column":4},"end":{"line":9,"column":57}},"6":{"start":{"line":10,"column":4},"end":{"line":10,"column":65}},"7":{"start":{"line":11,"column":4},"end":{"line":11,"column":59}},"8":{"start":{"line":12,"column":4},"end":{"line":12,"column":55}},"9":{"start":{"line":14,"column":4},"end":{"line":14,"column":72}}},"fnMap":{"0":{"name":"(anonymous_0)","decl":{"start":{"line":3,"column":17},"end":{"line":3,"column":18}},"loc":{"start":{"line":3,"column":26},"end":{"line":15,"column":1}},"line":3}},"branchMap":{},"s":{"0":7,"1":7,"2":7,"3":7,"4":7,"5":7,"6":7,"7":7,"8":7,"9":7},"f":{"0":7},"b":{},"_coverageSchema":"43e27e138ebf9cfc5966b082cf9a028302ed4184","hash":"33db0627c9e16dfcd715a3d74f27ccda2c2d569a"}
,"/Users/gabryelmacedo/Desktop/Computacao/node/API-REST-Node-TDD/src/config/variables.js": {"path":"/Users/gabryelmacedo/Desktop/Computacao/node/API-REST-Node-TDD/src/config/variables.js","statementMap":{"0":{"start":{"line":1,"column":18},"end":{"line":8,"column":3}},"1":{"start":{"line":10,"column":2},"end":{"line":10,"column":29}}},"fnMap":{},"branchMap":{"0":{"loc":{"start":{"line":3,"column":12},"end":{"line":3,"column":36}},"type":"binary-expr","locations":[{"start":{"line":3,"column":12},"end":{"line":3,"column":28}},{"start":{"line":3,"column":32},"end":{"line":3,"column":36}}],"line":3}},"s":{"0":7,"1":7},"f":{},"b":{"0":[7,7]},"_coverageSchema":"43e27e138ebf9cfc5966b082cf9a028302ed4184","hash":"9faa4c9dc87bce0c2abb247f228e911222711274"}
,"/Users/gabryelmacedo/Desktop/Computacao/node/API-REST-Node-TDD/src/errors/ResourceError.js": {"path":"/Users/gabryelmacedo/Desktop/Computacao/node/API-REST-Node-TDD/src/errors/ResourceError.js","statementMap":{"0":{"start":{"line":1,"column":0},"end":{"line":4,"column":1}},"1":{"start":{"line":2,"column":4},"end":{"line":2,"column":31}},"2":{"start":{"line":3,"column":4},"end":{"line":3,"column":26}}},"fnMap":{"0":{"name":"ResourceError","decl":{"start":{"line":1,"column":26},"end":{"line":1,"column":39}},"loc":{"start":{"line":1,"column":90},"end":{"line":4,"column":1}},"line":1}},"branchMap":{"0":{"loc":{"start":{"line":1,"column":40},"end":{"line":1,"column":88}},"type":"default-arg","locations":[{"start":{"line":1,"column":50},"end":{"line":1,"column":88}}],"line":1}},"s":{"0":7,"1":5,"2":5},"f":{"0":5},"b":{"0":[5]},"_coverageSchema":"43e27e138ebf9cfc5966b082cf9a028302ed4184","hash":"62e0665fc94f09ad5e99cc5c4dcf499fafb5d4fe"}
,"/Users/gabryelmacedo/Desktop/Computacao/node/API-REST-Node-TDD/src/errors/ValidationError.js": {"path":"/Users/gabryelmacedo/Desktop/Computacao/node/API-REST-Node-TDD/src/errors/ValidationError.js","statementMap":{"0":{"start":{"line":1,"column":0},"end":{"line":4,"column":1}},"1":{"start":{"line":2,"column":4},"end":{"line":2,"column":33}},"2":{"start":{"line":3,"column":4},"end":{"line":3,"column":26}}},"fnMap":{"0":{"name":"ValidationError","decl":{"start":{"line":1,"column":26},"end":{"line":1,"column":41}},"loc":{"start":{"line":1,"column":51},"end":{"line":4,"column":1}},"line":1}},"branchMap":{},"s":{"0":7,"1":28,"2":28},"f":{"0":28},"b":{},"_coverageSchema":"43e27e138ebf9cfc5966b082cf9a028302ed4184","hash":"71e496ff4ba57c996a4e6d9ec6af89ba978b8d27"}
,"/Users/gabryelmacedo/Desktop/Computacao/node/API-REST-Node-TDD/src/routes/accounts.js": {"path":"/Users/gabryelmacedo/Desktop/Computacao/node/API-REST-Node-TDD/src/routes/accounts.js","statementMap":{"0":{"start":{"line":1,"column":16},"end":{"line":1,"column":34}},"1":{"start":{"line":2,"column":22},"end":{"line":2,"column":56}},"2":{"start":{"line":4,"column":0},"end":{"line":49,"column":1}},"3":{"start":{"line":5,"column":19},"end":{"line":5,"column":35}},"4":{"start":{"line":7,"column":4},"end":{"line":14,"column":6}},"5":{"start":{"line":8,"column":8},"end":{"line":13,"column":36}},"6":{"start":{"line":10,"column":16},"end":{"line":11,"column":27}},"7":{"start":{"line":10,"column":48},"end":{"line":10,"column":73}},"8":{"start":{"line":11,"column":21},"end":{"line":11,"column":27}},"9":{"start":{"line":13,"column":26},"end":{"line":13,"column":35}},"10":{"start":{"line":16,"column":4},"end":{"line":22,"column":6}},"11":{"start":{"line":17,"column":8},"end":{"line":21,"column":36}},"12":{"start":{"line":19,"column":16},"end":{"line":19,"column":54}},"13":{"start":{"line":21,"column":26},"end":{"line":21,"column":35}},"14":{"start":{"line":24,"column":4},"end":{"line":28,"column":6}},"15":{"start":{"line":25,"column":8},"end":{"line":27,"column":36}},"16":{"start":{"line":26,"column":28},"end":{"line":26,"column":56}},"17":{"start":{"line":27,"column":26},"end":{"line":27,"column":35}},"18":{"start":{"line":30,"column":4},"end":{"line":34,"column":6}},"19":{"start":{"line":31,"column":8},"end":{"line":33,"column":36}},"20":{"start":{"line":32,"column":28},"end":{"line":32,"column":56}},"21":{"start":{"line":33,"column":26},"end":{"line":33,"column":35}},"22":{"start":{"line":36,"column":4},"end":{"line":40,"column":6}},"23":{"start":{"line":37,"column":8},"end":{"line":39,"column":36}},"24":{"start":{"line":38,"column":28},"end":{"line":38,"column":59}},"25":{"start":{"line":39,"column":26},"end":{"line":39,"column":35}},"26":{"start":{"line":42,"column":4},"end":{"line":46,"column":6}},"27":{"start":{"line":43,"column":8},"end":{"line":45,"column":36}},"28":{"start":{"line":44,"column":24},"end":{"line":44,"column":46}},"29":{"start":{"line":45,"column":26},"end":{"line":45,"column":35}},"30":{"start":{"line":48,"column":4},"end":{"line":48,"column":17}}},"fnMap":{"0":{"name":"(anonymous_0)","decl":{"start":{"line":4,"column":17},"end":{"line":4,"column":18}},"loc":{"start":{"line":4,"column":26},"end":{"line":49,"column":1}},"line":4},"1":{"name":"(anonymous_1)","decl":{"start":{"line":7,"column":23},"end":{"line":7,"column":24}},"loc":{"start":{"line":7,"column":43},"end":{"line":14,"column":5}},"line":7},"2":{"name":"(anonymous_2)","decl":{"start":{"line":9,"column":18},"end":{"line":9,"column":19}},"loc":{"start":{"line":9,"column":27},"end":{"line":12,"column":13}},"line":9},"3":{"name":"(anonymous_3)","decl":{"start":{"line":13,"column":19},"end":{"line":13,"column":20}},"loc":{"start":{"line":13,"column":26},"end":{"line":13,"column":35}},"line":13},"4":{"name":"(anonymous_4)","decl":{"start":{"line":16,"column":21},"end":{"line":16,"column":22}},"loc":{"start":{"line":16,"column":41},"end":{"line":22,"column":5}},"line":16},"5":{"name":"(anonymous_5)","decl":{"start":{"line":18,"column":18},"end":{"line":18,"column":19}},"loc":{"start":{"line":18,"column":30},"end":{"line":20,"column":13}},"line":18},"6":{"name":"(anonymous_6)","decl":{"start":{"line":21,"column":19},"end":{"line":21,"column":20}},"loc":{"start":{"line":21,"column":26},"end":{"line":21,"column":35}},"line":21},"7":{"name":"(anonymous_7)","decl":{"start":{"line":24,"column":20},"end":{"line":24,"column":21}},"loc":{"start":{"line":24,"column":40},"end":{"line":28,"column":5}},"line":24},"8":{"name":"(anonymous_8)","decl":{"start":{"line":26,"column":18},"end":{"line":26,"column":19}},"loc":{"start":{"line":26,"column":28},"end":{"line":26,"column":56}},"line":26},"9":{"name":"(anonymous_9)","decl":{"start":{"line":27,"column":19},"end":{"line":27,"column":20}},"loc":{"start":{"line":27,"column":26},"end":{"line":27,"column":35}},"line":27},"10":{"name":"(anonymous_10)","decl":{"start":{"line":30,"column":23},"end":{"line":30,"column":24}},"loc":{"start":{"line":30,"column":43},"end":{"line":34,"column":5}},"line":30},"11":{"name":"(anonymous_11)","decl":{"start":{"line":32,"column":18},"end":{"line":32,"column":19}},"loc":{"start":{"line":32,"column":28},"end":{"line":32,"column":56}},"line":32},"12":{"name":"(anonymous_12)","decl":{"start":{"line":33,"column":19},"end":{"line":33,"column":20}},"loc":{"start":{"line":33,"column":26},"end":{"line":33,"column":35}},"line":33},"13":{"name":"(anonymous_13)","decl":{"start":{"line":36,"column":23},"end":{"line":36,"column":24}},"loc":{"start":{"line":36,"column":43},"end":{"line":40,"column":5}},"line":36},"14":{"name":"(anonymous_14)","decl":{"start":{"line":38,"column":18},"end":{"line":38,"column":19}},"loc":{"start":{"line":38,"column":28},"end":{"line":38,"column":59}},"line":38},"15":{"name":"(anonymous_15)","decl":{"start":{"line":39,"column":19},"end":{"line":39,"column":20}},"loc":{"start":{"line":39,"column":26},"end":{"line":39,"column":35}},"line":39},"16":{"name":"(anonymous_16)","decl":{"start":{"line":42,"column":26},"end":{"line":42,"column":27}},"loc":{"start":{"line":42,"column":46},"end":{"line":46,"column":5}},"line":42},"17":{"name":"(anonymous_17)","decl":{"start":{"line":44,"column":18},"end":{"line":44,"column":19}},"loc":{"start":{"line":44,"column":24},"end":{"line":44,"column":46}},"line":44},"18":{"name":"(anonymous_18)","decl":{"start":{"line":45,"column":19},"end":{"line":45,"column":20}},"loc":{"start":{"line":45,"column":26},"end":{"line":45,"column":35}},"line":45}},"branchMap":{"0":{"loc":{"start":{"line":10,"column":16},"end":{"line":11,"column":27}},"type":"if","locations":[{"start":{"line":10,"column":16},"end":{"line":11,"column":27}},{"start":{"line":10,"column":16},"end":{"line":11,"column":27}}],"line":10}},"s":{"0":7,"1":7,"2":7,"3":7,"4":7,"5":7,"6":7,"7":3,"8":4,"9":3,"10":7,"11":3,"12":1,"13":2,"14":7,"15":1,"16":1,"17":0,"18":7,"19":1,"20":1,"21":0,"22":7,"23":1,"24":1,"25":0,"26":7,"27":2,"28":1,"29":1,"30":7},"f":{"0":7,"1":7,"2":7,"3":3,"4":3,"5":1,"6":2,"7":1,"8":1,"9":0,"10":1,"11":1,"12":0,"13":1,"14":1,"15":0,"16":2,"17":1,"18":1},"b":{"0":[3,4]},"_coverageSchema":"43e27e138ebf9cfc5966b082cf9a028302ed4184","hash":"10e268e812384e364e4dd19b7aa6e3dc54f5edf4"}
,"/Users/gabryelmacedo/Desktop/Computacao/node/API-REST-Node-TDD/src/routes/auth.js": {"path":"/Users/gabryelmacedo/Desktop/Computacao/node/API-REST-Node-TDD/src/routes/auth.js","statementMap":{"0":{"start":{"line":1,"column":16},"end":{"line":1,"column":34}},"1":{"start":{"line":2,"column":12},"end":{"line":2,"column":33}},"2":{"start":{"line":3,"column":15},"end":{"line":3,"column":39}},"3":{"start":{"line":4,"column":18},"end":{"line":4,"column":48}},"4":{"start":{"line":5,"column":24},"end":{"line":5,"column":60}},"5":{"start":{"line":7,"column":0},"end":{"line":37,"column":1}},"6":{"start":{"line":8,"column":19},"end":{"line":8,"column":35}},"7":{"start":{"line":10,"column":4},"end":{"line":25,"column":6}},"8":{"start":{"line":11,"column":8},"end":{"line":24,"column":36}},"9":{"start":{"line":13,"column":16},"end":{"line":13,"column":80}},"10":{"start":{"line":13,"column":26},"end":{"line":13,"column":80}},"11":{"start":{"line":14,"column":16},"end":{"line":22,"column":77}},"12":{"start":{"line":15,"column":36},"end":{"line":19,"column":21}},"13":{"start":{"line":20,"column":34},"end":{"line":20,"column":83}},"14":{"start":{"line":21,"column":20},"end":{"line":21,"column":49}},"15":{"start":{"line":22,"column":23},"end":{"line":22,"column":77}},"16":{"start":{"line":24,"column":26},"end":{"line":24,"column":35}},"17":{"start":{"line":27,"column":4},"end":{"line":34,"column":6}},"18":{"start":{"line":28,"column":8},"end":{"line":33,"column":9}},"19":{"start":{"line":29,"column":27},"end":{"line":29,"column":65}},"20":{"start":{"line":30,"column":12},"end":{"line":30,"column":43}},"21":{"start":{"line":32,"column":12},"end":{"line":32,"column":21}},"22":{"start":{"line":36,"column":4},"end":{"line":36,"column":17}}},"fnMap":{"0":{"name":"(anonymous_0)","decl":{"start":{"line":7,"column":17},"end":{"line":7,"column":18}},"loc":{"start":{"line":7,"column":26},"end":{"line":37,"column":1}},"line":7},"1":{"name":"(anonymous_1)","decl":{"start":{"line":10,"column":27},"end":{"line":10,"column":28}},"loc":{"start":{"line":10,"column":47},"end":{"line":25,"column":5}},"line":10},"2":{"name":"(anonymous_2)","decl":{"start":{"line":12,"column":18},"end":{"line":12,"column":19}},"loc":{"start":{"line":12,"column":28},"end":{"line":23,"column":13}},"line":12},"3":{"name":"(anonymous_3)","decl":{"start":{"line":24,"column":19},"end":{"line":24,"column":20}},"loc":{"start":{"line":24,"column":26},"end":{"line":24,"column":35}},"line":24},"4":{"name":"(anonymous_4)","decl":{"start":{"line":27,"column":27},"end":{"line":27,"column":28}},"loc":{"start":{"line":27,"column":53},"end":{"line":34,"column":5}},"line":27}},"branchMap":{"0":{"loc":{"start":{"line":13,"column":16},"end":{"line":13,"column":80}},"type":"if","locations":[{"start":{"line":13,"column":16},"end":{"line":13,"column":80}},{"start":{"line":13,"column":16},"end":{"line":13,"column":80}}],"line":13},"1":{"loc":{"start":{"line":14,"column":16},"end":{"line":22,"column":77}},"type":"if","locations":[{"start":{"line":14,"column":16},"end":{"line":22,"column":77}},{"start":{"line":14,"column":16},"end":{"line":22,"column":77}}],"line":14}},"s":{"0":7,"1":7,"2":7,"3":7,"4":7,"5":7,"6":7,"7":7,"8":2,"9":2,"10":1,"11":1,"12":1,"13":1,"14":1,"15":0,"16":1,"17":7,"18":1,"19":1,"20":1,"21":0,"22":7},"f":{"0":7,"1":2,"2":2,"3":1,"4":1},"b":{"0":[1,1],"1":[1,0]},"_coverageSchema":"43e27e138ebf9cfc5966b082cf9a028302ed4184","hash":"1795d172492e64b2443ccd4f527a06191ff4b368"}
,"/Users/gabryelmacedo/Desktop/Computacao/node/API-REST-Node-TDD/src/routes/balance.js": {"path":"/Users/gabryelmacedo/Desktop/Computacao/node/API-REST-Node-TDD/src/routes/balance.js","statementMap":{"0":{"start":{"line":1,"column":16},"end":{"line":1,"column":34}},"1":{"start":{"line":3,"column":0},"end":{"line":13,"column":1}},"2":{"start":{"line":4,"column":17},"end":{"line":4,"column":33}},"3":{"start":{"line":6,"column":2},"end":{"line":10,"column":4}},"4":{"start":{"line":7,"column":4},"end":{"line":9,"column":30}},"5":{"start":{"line":8,"column":22},"end":{"line":8,"column":50}},"6":{"start":{"line":9,"column":20},"end":{"line":9,"column":29}},"7":{"start":{"line":12,"column":2},"end":{"line":12,"column":15}}},"fnMap":{"0":{"name":"(anonymous_0)","decl":{"start":{"line":3,"column":17},"end":{"line":3,"column":18}},"loc":{"start":{"line":3,"column":26},"end":{"line":13,"column":1}},"line":3},"1":{"name":"(anonymous_1)","decl":{"start":{"line":6,"column":18},"end":{"line":6,"column":19}},"loc":{"start":{"line":6,"column":38},"end":{"line":10,"column":3}},"line":6},"2":{"name":"(anonymous_2)","decl":{"start":{"line":8,"column":12},"end":{"line":8,"column":13}},"loc":{"start":{"line":8,"column":22},"end":{"line":8,"column":50}},"line":8},"3":{"name":"(anonymous_3)","decl":{"start":{"line":9,"column":13},"end":{"line":9,"column":14}},"loc":{"start":{"line":9,"column":20},"end":{"line":9,"column":29}},"line":9}},"branchMap":{},"s":{"0":7,"1":7,"2":7,"3":7,"4":10,"5":10,"6":0,"7":7},"f":{"0":7,"1":10,"2":10,"3":0},"b":{},"_coverageSchema":"43e27e138ebf9cfc5966b082cf9a028302ed4184","hash":"bf01227ef102f123edf2e45e33235f49135bf663"}
,"/Users/gabryelmacedo/Desktop/Computacao/node/API-REST-Node-TDD/src/routes/transactions.js": {"path":"/Users/gabryelmacedo/Desktop/Computacao/node/API-REST-Node-TDD/src/routes/transactions.js","statementMap":{"0":{"start":{"line":1,"column":16},"end":{"line":1,"column":34}},"1":{"start":{"line":2,"column":22},"end":{"line":2,"column":56}},"2":{"start":{"line":4,"column":0},"end":{"line":46,"column":1}},"3":{"start":{"line":5,"column":19},"end":{"line":5,"column":35}},"4":{"start":{"line":7,"column":4},"end":{"line":13,"column":6}},"5":{"start":{"line":8,"column":8},"end":{"line":12,"column":38}},"6":{"start":{"line":10,"column":16},"end":{"line":11,"column":46}},"7":{"start":{"line":10,"column":39},"end":{"line":10,"column":45}},"8":{"start":{"line":11,"column":21},"end":{"line":11,"column":46}},"9":{"start":{"line":12,"column":28},"end":{"line":12,"column":37}},"10":{"start":{"line":15,"column":4},"end":{"line":19,"column":6}},"11":{"start":{"line":16,"column":8},"end":{"line":18,"column":36}},"12":{"start":{"line":17,"column":28},"end":{"line":17,"column":56}},"13":{"start":{"line":18,"column":26},"end":{"line":18,"column":35}},"14":{"start":{"line":21,"column":4},"end":{"line":25,"column":6}},"15":{"start":{"line":22,"column":8},"end":{"line":24,"column":36}},"16":{"start":{"line":23,"column":28},"end":{"line":23,"column":59}},"17":{"start":{"line":24,"column":26},"end":{"line":24,"column":35}},"18":{"start":{"line":27,"column":4},"end":{"line":31,"column":6}},"19":{"start":{"line":28,"column":8},"end":{"line":30,"column":36}},"20":{"start":{"line":29,"column":28},"end":{"line":29,"column":56}},"21":{"start":{"line":30,"column":26},"end":{"line":30,"column":35}},"22":{"start":{"line":33,"column":4},"end":{"line":37,"column":6}},"23":{"start":{"line":34,"column":8},"end":{"line":36,"column":36}},"24":{"start":{"line":35,"column":28},"end":{"line":35,"column":59}},"25":{"start":{"line":36,"column":26},"end":{"line":36,"column":35}},"26":{"start":{"line":39,"column":4},"end":{"line":43,"column":6}},"27":{"start":{"line":40,"column":8},"end":{"line":42,"column":36}},"28":{"start":{"line":41,"column":24},"end":{"line":41,"column":46}},"29":{"start":{"line":42,"column":26},"end":{"line":42,"column":35}},"30":{"start":{"line":45,"column":4},"end":{"line":45,"column":17}}},"fnMap":{"0":{"name":"(anonymous_0)","decl":{"start":{"line":4,"column":17},"end":{"line":4,"column":18}},"loc":{"start":{"line":4,"column":26},"end":{"line":46,"column":1}},"line":4},"1":{"name":"(anonymous_1)","decl":{"start":{"line":7,"column":23},"end":{"line":7,"column":24}},"loc":{"start":{"line":7,"column":43},"end":{"line":13,"column":5}},"line":7},"2":{"name":"(anonymous_2)","decl":{"start":{"line":9,"column":18},"end":{"line":9,"column":19}},"loc":{"start":{"line":9,"column":30},"end":{"line":12,"column":13}},"line":9},"3":{"name":"(anonymous_3)","decl":{"start":{"line":12,"column":21},"end":{"line":12,"column":22}},"loc":{"start":{"line":12,"column":28},"end":{"line":12,"column":37}},"line":12},"4":{"name":"(anonymous_4)","decl":{"start":{"line":15,"column":20},"end":{"line":15,"column":21}},"loc":{"start":{"line":15,"column":40},"end":{"line":19,"column":5}},"line":15},"5":{"name":"(anonymous_5)","decl":{"start":{"line":17,"column":18},"end":{"line":17,"column":19}},"loc":{"start":{"line":17,"column":28},"end":{"line":17,"column":56}},"line":17},"6":{"name":"(anonymous_6)","decl":{"start":{"line":18,"column":19},"end":{"line":18,"column":20}},"loc":{"start":{"line":18,"column":26},"end":{"line":18,"column":35}},"line":18},"7":{"name":"(anonymous_7)","decl":{"start":{"line":21,"column":21},"end":{"line":21,"column":22}},"loc":{"start":{"line":21,"column":41},"end":{"line":25,"column":5}},"line":21},"8":{"name":"(anonymous_8)","decl":{"start":{"line":23,"column":18},"end":{"line":23,"column":19}},"loc":{"start":{"line":23,"column":28},"end":{"line":23,"column":59}},"line":23},"9":{"name":"(anonymous_9)","decl":{"start":{"line":24,"column":19},"end":{"line":24,"column":20}},"loc":{"start":{"line":24,"column":26},"end":{"line":24,"column":35}},"line":24},"10":{"name":"(anonymous_10)","decl":{"start":{"line":27,"column":23},"end":{"line":27,"column":24}},"loc":{"start":{"line":27,"column":43},"end":{"line":31,"column":5}},"line":27},"11":{"name":"(anonymous_11)","decl":{"start":{"line":29,"column":18},"end":{"line":29,"column":19}},"loc":{"start":{"line":29,"column":28},"end":{"line":29,"column":56}},"line":29},"12":{"name":"(anonymous_12)","decl":{"start":{"line":30,"column":19},"end":{"line":30,"column":20}},"loc":{"start":{"line":30,"column":26},"end":{"line":30,"column":35}},"line":30},"13":{"name":"(anonymous_13)","decl":{"start":{"line":33,"column":23},"end":{"line":33,"column":24}},"loc":{"start":{"line":33,"column":43},"end":{"line":37,"column":5}},"line":33},"14":{"name":"(anonymous_14)","decl":{"start":{"line":35,"column":18},"end":{"line":35,"column":19}},"loc":{"start":{"line":35,"column":28},"end":{"line":35,"column":59}},"line":35},"15":{"name":"(anonymous_15)","decl":{"start":{"line":36,"column":19},"end":{"line":36,"column":20}},"loc":{"start":{"line":36,"column":26},"end":{"line":36,"column":35}},"line":36},"16":{"name":"(anonymous_16)","decl":{"start":{"line":39,"column":26},"end":{"line":39,"column":27}},"loc":{"start":{"line":39,"column":46},"end":{"line":43,"column":5}},"line":39},"17":{"name":"(anonymous_17)","decl":{"start":{"line":41,"column":18},"end":{"line":41,"column":19}},"loc":{"start":{"line":41,"column":24},"end":{"line":41,"column":46}},"line":41},"18":{"name":"(anonymous_18)","decl":{"start":{"line":42,"column":19},"end":{"line":42,"column":20}},"loc":{"start":{"line":42,"column":26},"end":{"line":42,"column":35}},"line":42}},"branchMap":{"0":{"loc":{"start":{"line":10,"column":16},"end":{"line":11,"column":46}},"type":"if","locations":[{"start":{"line":10,"column":16},"end":{"line":11,"column":46}},{"start":{"line":10,"column":16},"end":{"line":11,"column":46}}],"line":10}},"s":{"0":7,"1":7,"2":7,"3":7,"4":7,"5":3,"6":3,"7":2,"8":1,"9":1,"10":7,"11":2,"12":2,"13":0,"14":7,"15":16,"16":10,"17":0,"18":7,"19":0,"20":0,"21":0,"22":7,"23":1,"24":1,"25":0,"26":7,"27":1,"28":1,"29":0,"30":7},"f":{"0":7,"1":3,"2":3,"3":1,"4":2,"5":2,"6":0,"7":16,"8":10,"9":0,"10":0,"11":0,"12":0,"13":1,"14":1,"15":0,"16":1,"17":1,"18":0},"b":{"0":[2,1]},"_coverageSchema":"43e27e138ebf9cfc5966b082cf9a028302ed4184","hash":"a74039f33e6adaa70e7662253195587c23e4cd6a"}
,"/Users/gabryelmacedo/Desktop/Computacao/node/API-REST-Node-TDD/src/routes/transfers.js": {"path":"/Users/gabryelmacedo/Desktop/Computacao/node/API-REST-Node-TDD/src/routes/transfers.js","statementMap":{"0":{"start":{"line":1,"column":16},"end":{"line":1,"column":34}},"1":{"start":{"line":2,"column":22},"end":{"line":2,"column":56}},"2":{"start":{"line":4,"column":0},"end":{"line":55,"column":1}},"3":{"start":{"line":5,"column":19},"end":{"line":5,"column":35}},"4":{"start":{"line":7,"column":4},"end":{"line":15,"column":6}},"5":{"start":{"line":8,"column":6},"end":{"line":14,"column":34}},"6":{"start":{"line":10,"column":12},"end":{"line":10,"column":59}},"7":{"start":{"line":11,"column":12},"end":{"line":11,"column":71}},"8":{"start":{"line":11,"column":46},"end":{"line":11,"column":71}},"9":{"start":{"line":12,"column":12},"end":{"line":12,"column":18}},"10":{"start":{"line":14,"column":24},"end":{"line":14,"column":33}},"11":{"start":{"line":17,"column":21},"end":{"line":21,"column":5}},"12":{"start":{"line":18,"column":6},"end":{"line":20,"column":32}},"13":{"start":{"line":19,"column":20},"end":{"line":19,"column":26}},"14":{"start":{"line":20,"column":22},"end":{"line":20,"column":31}},"15":{"start":{"line":23,"column":4},"end":{"line":27,"column":6}},"16":{"start":{"line":24,"column":8},"end":{"line":26,"column":36}},"17":{"start":{"line":25,"column":28},"end":{"line":25,"column":56}},"18":{"start":{"line":26,"column":26},"end":{"line":26,"column":35}},"19":{"start":{"line":29,"column":4},"end":{"line":33,"column":6}},"20":{"start":{"line":30,"column":6},"end":{"line":32,"column":34}},"21":{"start":{"line":31,"column":26},"end":{"line":31,"column":54}},"22":{"start":{"line":32,"column":24},"end":{"line":32,"column":33}},"23":{"start":{"line":35,"column":4},"end":{"line":40,"column":6}},"24":{"start":{"line":36,"column":23},"end":{"line":36,"column":60}},"25":{"start":{"line":37,"column":6},"end":{"line":39,"column":34}},"26":{"start":{"line":38,"column":26},"end":{"line":38,"column":57}},"27":{"start":{"line":39,"column":24},"end":{"line":39,"column":33}},"28":{"start":{"line":42,"column":4},"end":{"line":46,"column":6}},"29":{"start":{"line":43,"column":6},"end":{"line":45,"column":34}},"30":{"start":{"line":44,"column":26},"end":{"line":44,"column":57}},"31":{"start":{"line":45,"column":24},"end":{"line":45,"column":33}},"32":{"start":{"line":48,"column":4},"end":{"line":52,"column":6}},"33":{"start":{"line":49,"column":6},"end":{"line":51,"column":34}},"34":{"start":{"line":50,"column":22},"end":{"line":50,"column":44}},"35":{"start":{"line":51,"column":24},"end":{"line":51,"column":33}},"36":{"start":{"line":54,"column":4},"end":{"line":54,"column":17}}},"fnMap":{"0":{"name":"(anonymous_0)","decl":{"start":{"line":4,"column":17},"end":{"line":4,"column":18}},"loc":{"start":{"line":4,"column":26},"end":{"line":55,"column":1}},"line":4},"1":{"name":"(anonymous_1)","decl":{"start":{"line":7,"column":23},"end":{"line":7,"column":24}},"loc":{"start":{"line":7,"column":43},"end":{"line":15,"column":5}},"line":7},"2":{"name":"(anonymous_2)","decl":{"start":{"line":9,"column":16},"end":{"line":9,"column":17}},"loc":{"start":{"line":9,"column":26},"end":{"line":13,"column":11}},"line":9},"3":{"name":"(anonymous_3)","decl":{"start":{"line":14,"column":17},"end":{"line":14,"column":18}},"loc":{"start":{"line":14,"column":24},"end":{"line":14,"column":33}},"line":14},"4":{"name":"(anonymous_4)","decl":{"start":{"line":17,"column":21},"end":{"line":17,"column":22}},"loc":{"start":{"line":17,"column":41},"end":{"line":21,"column":5}},"line":17},"5":{"name":"(anonymous_5)","decl":{"start":{"line":19,"column":14},"end":{"line":19,"column":15}},"loc":{"start":{"line":19,"column":20},"end":{"line":19,"column":26}},"line":19},"6":{"name":"(anonymous_6)","decl":{"start":{"line":20,"column":15},"end":{"line":20,"column":16}},"loc":{"start":{"line":20,"column":22},"end":{"line":20,"column":31}},"line":20},"7":{"name":"(anonymous_7)","decl":{"start":{"line":23,"column":20},"end":{"line":23,"column":21}},"loc":{"start":{"line":23,"column":40},"end":{"line":27,"column":5}},"line":23},"8":{"name":"(anonymous_8)","decl":{"start":{"line":25,"column":18},"end":{"line":25,"column":19}},"loc":{"start":{"line":25,"column":28},"end":{"line":25,"column":56}},"line":25},"9":{"name":"(anonymous_9)","decl":{"start":{"line":26,"column":19},"end":{"line":26,"column":20}},"loc":{"start":{"line":26,"column":26},"end":{"line":26,"column":35}},"line":26},"10":{"name":"(anonymous_10)","decl":{"start":{"line":29,"column":23},"end":{"line":29,"column":24}},"loc":{"start":{"line":29,"column":43},"end":{"line":33,"column":5}},"line":29},"11":{"name":"(anonymous_11)","decl":{"start":{"line":31,"column":16},"end":{"line":31,"column":17}},"loc":{"start":{"line":31,"column":26},"end":{"line":31,"column":54}},"line":31},"12":{"name":"(anonymous_12)","decl":{"start":{"line":32,"column":17},"end":{"line":32,"column":18}},"loc":{"start":{"line":32,"column":24},"end":{"line":32,"column":33}},"line":32},"13":{"name":"(anonymous_13)","decl":{"start":{"line":35,"column":31},"end":{"line":35,"column":32}},"loc":{"start":{"line":35,"column":51},"end":{"line":40,"column":5}},"line":35},"14":{"name":"(anonymous_14)","decl":{"start":{"line":38,"column":16},"end":{"line":38,"column":17}},"loc":{"start":{"line":38,"column":26},"end":{"line":38,"column":57}},"line":38},"15":{"name":"(anonymous_15)","decl":{"start":{"line":39,"column":17},"end":{"line":39,"column":18}},"loc":{"start":{"line":39,"column":24},"end":{"line":39,"column":33}},"line":39},"16":{"name":"(anonymous_16)","decl":{"start":{"line":42,"column":33},"end":{"line":42,"column":34}},"loc":{"start":{"line":42,"column":53},"end":{"line":46,"column":5}},"line":42},"17":{"name":"(anonymous_17)","decl":{"start":{"line":44,"column":16},"end":{"line":44,"column":17}},"loc":{"start":{"line":44,"column":26},"end":{"line":44,"column":57}},"line":44},"18":{"name":"(anonymous_18)","decl":{"start":{"line":45,"column":17},"end":{"line":45,"column":18}},"loc":{"start":{"line":45,"column":24},"end":{"line":45,"column":33}},"line":45},"19":{"name":"(anonymous_19)","decl":{"start":{"line":48,"column":26},"end":{"line":48,"column":27}},"loc":{"start":{"line":48,"column":46},"end":{"line":52,"column":5}},"line":48},"20":{"name":"(anonymous_20)","decl":{"start":{"line":50,"column":16},"end":{"line":50,"column":17}},"loc":{"start":{"line":50,"column":22},"end":{"line":50,"column":44}},"line":50},"21":{"name":"(anonymous_21)","decl":{"start":{"line":51,"column":17},"end":{"line":51,"column":18}},"loc":{"start":{"line":51,"column":24},"end":{"line":51,"column":33}},"line":51}},"branchMap":{"0":{"loc":{"start":{"line":11,"column":12},"end":{"line":11,"column":71}},"type":"if","locations":[{"start":{"line":11,"column":12},"end":{"line":11,"column":71}},{"start":{"line":11,"column":12},"end":{"line":11,"column":71}}],"line":11}},"s":{"0":7,"1":7,"2":7,"3":7,"4":7,"5":11,"6":11,"7":11,"8":1,"9":10,"10":1,"11":7,"12":17,"13":3,"14":14,"15":7,"16":1,"17":1,"18":0,"19":7,"20":1,"21":1,"22":0,"23":7,"24":2,"25":2,"26":2,"27":0,"28":7,"29":1,"30":1,"31":0,"32":7,"33":1,"34":1,"35":0,"36":7},"f":{"0":7,"1":11,"2":11,"3":1,"4":17,"5":3,"6":14,"7":1,"8":1,"9":0,"10":1,"11":1,"12":0,"13":2,"14":2,"15":0,"16":1,"17":1,"18":0,"19":1,"20":1,"21":0},"b":{"0":[1,10]},"_coverageSchema":"43e27e138ebf9cfc5966b082cf9a028302ed4184","hash":"b4242270018bc76a46913be4a6190a1178be3743"}
,"/Users/gabryelmacedo/Desktop/Computacao/node/API-REST-Node-TDD/src/routes/users.js": {"path":"/Users/gabryelmacedo/Desktop/Computacao/node/API-REST-Node-TDD/src/routes/users.js","statementMap":{"0":{"start":{"line":1,"column":16},"end":{"line":1,"column":34}},"1":{"start":{"line":3,"column":0},"end":{"line":29,"column":1}},"2":{"start":{"line":4,"column":19},"end":{"line":4,"column":35}},"3":{"start":{"line":6,"column":4},"end":{"line":10,"column":6}},"4":{"start":{"line":7,"column":8},"end":{"line":9,"column":36}},"5":{"start":{"line":8,"column":28},"end":{"line":8,"column":56}},"6":{"start":{"line":9,"column":26},"end":{"line":9,"column":35}},"7":{"start":{"line":12,"column":4},"end":{"line":16,"column":6}},"8":{"start":{"line":13,"column":8},"end":{"line":15,"column":36}},"9":{"start":{"line":14,"column":28},"end":{"line":14,"column":56}},"10":{"start":{"line":15,"column":26},"end":{"line":15,"column":35}},"11":{"start":{"line":18,"column":4},"end":{"line":25,"column":6}},"12":{"start":{"line":19,"column":8},"end":{"line":24,"column":9}},"13":{"start":{"line":20,"column":27},"end":{"line":20,"column":65}},"14":{"start":{"line":21,"column":12},"end":{"line":21,"column":43}},"15":{"start":{"line":23,"column":12},"end":{"line":23,"column":21}},"16":{"start":{"line":27,"column":4},"end":{"line":27,"column":17}}},"fnMap":{"0":{"name":"(anonymous_0)","decl":{"start":{"line":3,"column":17},"end":{"line":3,"column":18}},"loc":{"start":{"line":3,"column":26},"end":{"line":29,"column":1}},"line":3},"1":{"name":"(anonymous_1)","decl":{"start":{"line":6,"column":20},"end":{"line":6,"column":21}},"loc":{"start":{"line":6,"column":40},"end":{"line":10,"column":5}},"line":6},"2":{"name":"(anonymous_2)","decl":{"start":{"line":8,"column":18},"end":{"line":8,"column":19}},"loc":{"start":{"line":8,"column":28},"end":{"line":8,"column":56}},"line":8},"3":{"name":"(anonymous_3)","decl":{"start":{"line":9,"column":19},"end":{"line":9,"column":20}},"loc":{"start":{"line":9,"column":26},"end":{"line":9,"column":35}},"line":9},"4":{"name":"(anonymous_4)","decl":{"start":{"line":12,"column":23},"end":{"line":12,"column":24}},"loc":{"start":{"line":12,"column":43},"end":{"line":16,"column":5}},"line":12},"5":{"name":"(anonymous_5)","decl":{"start":{"line":14,"column":18},"end":{"line":14,"column":19}},"loc":{"start":{"line":14,"column":28},"end":{"line":14,"column":56}},"line":14},"6":{"name":"(anonymous_6)","decl":{"start":{"line":15,"column":19},"end":{"line":15,"column":20}},"loc":{"start":{"line":15,"column":26},"end":{"line":15,"column":35}},"line":15},"7":{"name":"(anonymous_7)","decl":{"start":{"line":18,"column":21},"end":{"line":18,"column":22}},"loc":{"start":{"line":18,"column":47},"end":{"line":25,"column":5}},"line":18}},"branchMap":{},"s":{"0":7,"1":7,"2":7,"3":7,"4":1,"5":1,"6":0,"7":7,"8":0,"9":0,"10":0,"11":7,"12":6,"13":6,"14":2,"15":4,"16":7},"f":{"0":7,"1":1,"2":1,"3":0,"4":0,"5":0,"6":0,"7":6},"b":{},"_coverageSchema":"43e27e138ebf9cfc5966b082cf9a028302ed4184","hash":"c2ed840ef78f49a178afbf35b97c1bbdd08355f3"}
,"/Users/gabryelmacedo/Desktop/Computacao/node/API-REST-Node-TDD/src/seeds/01_transfer.js": {"path":"/Users/gabryelmacedo/Desktop/Computacao/node/API-REST-Node-TDD/src/seeds/01_transfer.js","statementMap":{"0":{"start":{"line":2,"column":0},"end":{"line":28,"column":2}},"1":{"start":{"line":4,"column":2},"end":{"line":27,"column":7}},"2":{"start":{"line":5,"column":16},"end":{"line":5,"column":39}},"3":{"start":{"line":6,"column":16},"end":{"line":6,"column":38}},"4":{"start":{"line":7,"column":16},"end":{"line":7,"column":35}},"5":{"start":{"line":8,"column":16},"end":{"line":11,"column":6}},"6":{"start":{"line":12,"column":16},"end":{"line":17,"column":6}},"7":{"start":{"line":18,"column":16},"end":{"line":21,"column":6}},"8":{"start":{"line":22,"column":16},"end":{"line":27,"column":6}}},"fnMap":{"0":{"name":"(anonymous_0)","decl":{"start":{"line":2,"column":15},"end":{"line":2,"column":16}},"loc":{"start":{"line":2,"column":25},"end":{"line":28,"column":1}},"line":2},"1":{"name":"(anonymous_1)","decl":{"start":{"line":5,"column":10},"end":{"line":5,"column":11}},"loc":{"start":{"line":5,"column":16},"end":{"line":5,"column":39}},"line":5},"2":{"name":"(anonymous_2)","decl":{"start":{"line":6,"column":10},"end":{"line":6,"column":11}},"loc":{"start":{"line":6,"column":16},"end":{"line":6,"column":38}},"line":6},"3":{"name":"(anonymous_3)","decl":{"start":{"line":7,"column":10},"end":{"line":7,"column":11}},"loc":{"start":{"line":7,"column":16},"end":{"line":7,"column":35}},"line":7},"4":{"name":"(anonymous_4)","decl":{"start":{"line":8,"column":10},"end":{"line":8,"column":11}},"loc":{"start":{"line":8,"column":16},"end":{"line":11,"column":6}},"line":8},"5":{"name":"(anonymous_5)","decl":{"start":{"line":12,"column":10},"end":{"line":12,"column":11}},"loc":{"start":{"line":12,"column":16},"end":{"line":17,"column":6}},"line":12},"6":{"name":"(anonymous_6)","decl":{"start":{"line":18,"column":10},"end":{"line":18,"column":11}},"loc":{"start":{"line":18,"column":16},"end":{"line":21,"column":6}},"line":18},"7":{"name":"(anonymous_7)","decl":{"start":{"line":22,"column":10},"end":{"line":22,"column":11}},"loc":{"start":{"line":22,"column":16},"end":{"line":27,"column":6}},"line":22}},"branchMap":{},"s":{"0":2,"1":2,"2":2,"3":2,"4":2,"5":2,"6":2,"7":2,"8":2},"f":{"0":2,"1":2,"2":2,"3":2,"4":2,"5":2,"6":2,"7":2},"b":{},"_coverageSchema":"43e27e138ebf9cfc5966b082cf9a028302ed4184","hash":"e8f608a75aa104131331d5eb4d42b2989485fdfd"}
,"/Users/gabryelmacedo/Desktop/Computacao/node/API-REST-Node-TDD/src/seeds/02_balance.js": {"path":"/Users/gabryelmacedo/Desktop/Computacao/node/API-REST-Node-TDD/src/seeds/02_balance.js","statementMap":{"0":{"start":{"line":2,"column":15},"end":{"line":2,"column":32}},"1":{"start":{"line":4,"column":0},"end":{"line":45,"column":2}},"2":{"start":{"line":6,"column":2},"end":{"line":44,"column":5}},"3":{"start":{"line":11,"column":14},"end":{"line":18,"column":4}},"4":{"start":{"line":19,"column":14},"end":{"line":22,"column":4}},"5":{"start":{"line":23,"column":14},"end":{"line":44,"column":4}}},"fnMap":{"0":{"name":"(anonymous_0)","decl":{"start":{"line":4,"column":15},"end":{"line":4,"column":16}},"loc":{"start":{"line":4,"column":25},"end":{"line":45,"column":1}},"line":4},"1":{"name":"(anonymous_1)","decl":{"start":{"line":11,"column":8},"end":{"line":11,"column":9}},"loc":{"start":{"line":11,"column":14},"end":{"line":18,"column":4}},"line":11},"2":{"name":"(anonymous_2)","decl":{"start":{"line":19,"column":8},"end":{"line":19,"column":9}},"loc":{"start":{"line":19,"column":14},"end":{"line":22,"column":4}},"line":19},"3":{"name":"(anonymous_3)","decl":{"start":{"line":23,"column":8},"end":{"line":23,"column":9}},"loc":{"start":{"line":23,"column":14},"end":{"line":44,"column":4}},"line":23}},"branchMap":{},"s":{"0":2,"1":2,"2":2,"3":2,"4":2,"5":2},"f":{"0":2,"1":2,"2":2,"3":2},"b":{},"_coverageSchema":"43e27e138ebf9cfc5966b082cf9a028302ed4184","hash":"b7e476ec657582ec60f959740606f70ab47b0de5"}
,"/Users/gabryelmacedo/Desktop/Computacao/node/API-REST-Node-TDD/src/services/account.js": {"path":"/Users/gabryelmacedo/Desktop/Computacao/node/API-REST-Node-TDD/src/services/account.js","statementMap":{"0":{"start":{"line":1,"column":24},"end":{"line":1,"column":60}},"1":{"start":{"line":3,"column":0},"end":{"line":33,"column":1}},"2":{"start":{"line":4,"column":17},"end":{"line":11,"column":5}},"3":{"start":{"line":5,"column":8},"end":{"line":5,"column":85}},"4":{"start":{"line":5,"column":26},"end":{"line":5,"column":85}},"5":{"start":{"line":7,"column":22},"end":{"line":7,"column":80}},"6":{"start":{"line":8,"column":8},"end":{"line":8,"column":80}},"7":{"start":{"line":8,"column":18},"end":{"line":8,"column":80}},"8":{"start":{"line":10,"column":8},"end":{"line":10,"column":54}},"9":{"start":{"line":13,"column":20},"end":{"line":15,"column":5}},"10":{"start":{"line":14,"column":8},"end":{"line":14,"column":48}},"11":{"start":{"line":17,"column":17},"end":{"line":19,"column":5}},"12":{"start":{"line":18,"column":8},"end":{"line":18,"column":55}},"13":{"start":{"line":21,"column":19},"end":{"line":23,"column":5}},"14":{"start":{"line":22,"column":8},"end":{"line":22,"column":64}},"15":{"start":{"line":25,"column":19},"end":{"line":30,"column":5}},"16":{"start":{"line":26,"column":28},"end":{"line":26,"column":83}},"17":{"start":{"line":27,"column":8},"end":{"line":27,"column":92}},"18":{"start":{"line":27,"column":24},"end":{"line":27,"column":92}},"19":{"start":{"line":29,"column":8},"end":{"line":29,"column":53}},"20":{"start":{"line":32,"column":4},"end":{"line":32,"column":50}}},"fnMap":{"0":{"name":"(anonymous_0)","decl":{"start":{"line":3,"column":17},"end":{"line":3,"column":18}},"loc":{"start":{"line":3,"column":26},"end":{"line":33,"column":1}},"line":3},"1":{"name":"(anonymous_1)","decl":{"start":{"line":4,"column":17},"end":{"line":4,"column":18}},"loc":{"start":{"line":4,"column":36},"end":{"line":11,"column":5}},"line":4},"2":{"name":"(anonymous_2)","decl":{"start":{"line":13,"column":20},"end":{"line":13,"column":21}},"loc":{"start":{"line":13,"column":38},"end":{"line":15,"column":5}},"line":13},"3":{"name":"(anonymous_3)","decl":{"start":{"line":17,"column":17},"end":{"line":17,"column":18}},"loc":{"start":{"line":17,"column":34},"end":{"line":19,"column":5}},"line":17},"4":{"name":"(anonymous_4)","decl":{"start":{"line":21,"column":19},"end":{"line":21,"column":20}},"loc":{"start":{"line":21,"column":36},"end":{"line":23,"column":5}},"line":21},"5":{"name":"(anonymous_5)","decl":{"start":{"line":25,"column":19},"end":{"line":25,"column":20}},"loc":{"start":{"line":25,"column":33},"end":{"line":30,"column":5}},"line":25}},"branchMap":{"0":{"loc":{"start":{"line":5,"column":8},"end":{"line":5,"column":85}},"type":"if","locations":[{"start":{"line":5,"column":8},"end":{"line":5,"column":85}},{"start":{"line":5,"column":8},"end":{"line":5,"column":85}}],"line":5},"1":{"loc":{"start":{"line":8,"column":8},"end":{"line":8,"column":80}},"type":"if","locations":[{"start":{"line":8,"column":8},"end":{"line":8,"column":80}},{"start":{"line":8,"column":8},"end":{"line":8,"column":80}}],"line":8},"2":{"loc":{"start":{"line":13,"column":21},"end":{"line":13,"column":33}},"type":"default-arg","locations":[{"start":{"line":13,"column":31},"end":{"line":13,"column":33}}],"line":13},"3":{"loc":{"start":{"line":17,"column":18},"end":{"line":17,"column":29}},"type":"default-arg","locations":[{"start":{"line":17,"column":27},"end":{"line":17,"column":29}}],"line":17},"4":{"loc":{"start":{"line":27,"column":8},"end":{"line":27,"column":92}},"type":"if","locations":[{"start":{"line":27,"column":8},"end":{"line":27,"column":92}},{"start":{"line":27,"column":8},"end":{"line":27,"column":92}}],"line":27}},"s":{"0":7,"1":7,"2":7,"3":3,"4":1,"5":2,"6":2,"7":1,"8":1,"9":7,"10":1,"11":7,"12":10,"13":7,"14":1,"15":7,"16":2,"17":2,"18":1,"19":1,"20":7},"f":{"0":7,"1":3,"2":1,"3":10,"4":1,"5":2},"b":{"0":[1,2],"1":[1,1],"2":[0],"3":[0],"4":[1,1]},"_coverageSchema":"43e27e138ebf9cfc5966b082cf9a028302ed4184","hash":"ae0c1bf74fd0f0115e605bd37922a2323ff59292"}
,"/Users/gabryelmacedo/Desktop/Computacao/node/API-REST-Node-TDD/src/services/balance.js": {"path":"/Users/gabryelmacedo/Desktop/Computacao/node/API-REST-Node-TDD/src/services/balance.js","statementMap":{"0":{"start":{"line":1,"column":0},"end":{"line":13,"column":1}},"1":{"start":{"line":2,"column":19},"end":{"line":10,"column":3}},"2":{"start":{"line":3,"column":4},"end":{"line":9,"column":26}},"3":{"start":{"line":12,"column":2},"end":{"line":12,"column":21}}},"fnMap":{"0":{"name":"(anonymous_0)","decl":{"start":{"line":1,"column":17},"end":{"line":1,"column":18}},"loc":{"start":{"line":1,"column":26},"end":{"line":13,"column":1}},"line":1},"1":{"name":"(anonymous_1)","decl":{"start":{"line":2,"column":19},"end":{"line":2,"column":20}},"loc":{"start":{"line":2,"column":31},"end":{"line":10,"column":3}},"line":2}},"branchMap":{},"s":{"0":7,"1":7,"2":10,"3":7},"f":{"0":7,"1":10},"b":{},"_coverageSchema":"43e27e138ebf9cfc5966b082cf9a028302ed4184","hash":"38b182f2d13c7b283b693ba1b3821dc02481edf8"}
,"/Users/gabryelmacedo/Desktop/Computacao/node/API-REST-Node-TDD/src/services/transaction.js": {"path":"/Users/gabryelmacedo/Desktop/Computacao/node/API-REST-Node-TDD/src/services/transaction.js","statementMap":{"0":{"start":{"line":1,"column":24},"end":{"line":1,"column":60}},"1":{"start":{"line":3,"column":0},"end":{"line":46,"column":1}},"2":{"start":{"line":4,"column":17},"end":{"line":10,"column":5}},"3":{"start":{"line":5,"column":8},"end":{"line":9,"column":21}},"4":{"start":{"line":12,"column":17},"end":{"line":27,"column":5}},"5":{"start":{"line":14,"column":8},"end":{"line":14,"column":101}},"6":{"start":{"line":14,"column":37},"end":{"line":14,"column":101}},"7":{"start":{"line":15,"column":8},"end":{"line":15,"column":93}},"8":{"start":{"line":15,"column":33},"end":{"line":15,"column":93}},"9":{"start":{"line":16,"column":8},"end":{"line":16,"column":89}},"10":{"start":{"line":16,"column":30},"end":{"line":16,"column":89}},"11":{"start":{"line":17,"column":8},"end":{"line":17,"column":92}},"12":{"start":{"line":17,"column":32},"end":{"line":17,"column":92}},"13":{"start":{"line":18,"column":8},"end":{"line":18,"column":89}},"14":{"start":{"line":18,"column":30},"end":{"line":18,"column":89}},"15":{"start":{"line":19,"column":8},"end":{"line":19,"column":136}},"16":{"start":{"line":19,"column":68},"end":{"line":19,"column":136}},"17":{"start":{"line":21,"column":8},"end":{"line":23,"column":9}},"18":{"start":{"line":22,"column":12},"end":{"line":22,"column":37}},"19":{"start":{"line":25,"column":8},"end":{"line":26,"column":37}},"20":{"start":{"line":29,"column":21},"end":{"line":31,"column":5}},"21":{"start":{"line":30,"column":8},"end":{"line":30,"column":59}},"22":{"start":{"line":33,"column":19},"end":{"line":37,"column":5}},"23":{"start":{"line":34,"column":8},"end":{"line":36,"column":37}},"24":{"start":{"line":39,"column":19},"end":{"line":43,"column":5}},"25":{"start":{"line":40,"column":8},"end":{"line":42,"column":18}},"26":{"start":{"line":45,"column":4},"end":{"line":45,"column":51}}},"fnMap":{"0":{"name":"(anonymous_0)","decl":{"start":{"line":3,"column":17},"end":{"line":3,"column":18}},"loc":{"start":{"line":3,"column":26},"end":{"line":46,"column":1}},"line":3},"1":{"name":"(anonymous_1)","decl":{"start":{"line":4,"column":17},"end":{"line":4,"column":18}},"loc":{"start":{"line":4,"column":42},"end":{"line":10,"column":5}},"line":4},"2":{"name":"(anonymous_2)","decl":{"start":{"line":12,"column":17},"end":{"line":12,"column":18}},"loc":{"start":{"line":12,"column":34},"end":{"line":27,"column":5}},"line":12},"3":{"name":"(anonymous_3)","decl":{"start":{"line":29,"column":21},"end":{"line":29,"column":22}},"loc":{"start":{"line":29,"column":33},"end":{"line":31,"column":5}},"line":29},"4":{"name":"(anonymous_4)","decl":{"start":{"line":33,"column":19},"end":{"line":33,"column":20}},"loc":{"start":{"line":33,"column":40},"end":{"line":37,"column":5}},"line":33},"5":{"name":"(anonymous_5)","decl":{"start":{"line":39,"column":19},"end":{"line":39,"column":20}},"loc":{"start":{"line":39,"column":27},"end":{"line":43,"column":5}},"line":39}},"branchMap":{"0":{"loc":{"start":{"line":4,"column":26},"end":{"line":4,"column":37}},"type":"default-arg","locations":[{"start":{"line":4,"column":35},"end":{"line":4,"column":37}}],"line":4},"1":{"loc":{"start":{"line":14,"column":8},"end":{"line":14,"column":101}},"type":"if","locations":[{"start":{"line":14,"column":8},"end":{"line":14,"column":101}},{"start":{"line":14,"column":8},"end":{"line":14,"column":101}}],"line":14},"2":{"loc":{"start":{"line":15,"column":8},"end":{"line":15,"column":93}},"type":"if","locations":[{"start":{"line":15,"column":8},"end":{"line":15,"column":93}},{"start":{"line":15,"column":8},"end":{"line":15,"column":93}}],"line":15},"3":{"loc":{"start":{"line":16,"column":8},"end":{"line":16,"column":89}},"type":"if","locations":[{"start":{"line":16,"column":8},"end":{"line":16,"column":89}},{"start":{"line":16,"column":8},"end":{"line":16,"column":89}}],"line":16},"4":{"loc":{"start":{"line":17,"column":8},"end":{"line":17,"column":92}},"type":"if","locations":[{"start":{"line":17,"column":8},"end":{"line":17,"column":92}},{"start":{"line":17,"column":8},"end":{"line":17,"column":92}}],"line":17},"5":{"loc":{"start":{"line":18,"column":8},"end":{"line":18,"column":89}},"type":"if","locations":[{"start":{"line":18,"column":8},"end":{"line":18,"column":89}},{"start":{"line":18,"column":8},"end":{"line":18,"column":89}}],"line":18},"6":{"loc":{"start":{"line":19,"column":8},"end":{"line":19,"column":136}},"type":"if","locations":[{"start":{"line":19,"column":8},"end":{"line":19,"column":136}},{"start":{"line":19,"column":8},"end":{"line":19,"column":136}}],"line":19},"7":{"loc":{"start":{"line":19,"column":13},"end":{"line":19,"column":65}},"type":"binary-expr","locations":[{"start":{"line":19,"column":13},"end":{"line":19,"column":37}},{"start":{"line":19,"column":41},"end":{"line":19,"column":65}}],"line":19},"8":{"loc":{"start":{"line":21,"column":8},"end":{"line":23,"column":9}},"type":"if","locations":[{"start":{"line":21,"column":8},"end":{"line":23,"column":9}},{"start":{"line":21,"column":8},"end":{"line":23,"column":9}}],"line":21},"9":{"loc":{"start":{"line":21,"column":11},"end":{"line":21,"column":121}},"type":"binary-expr","locations":[{"start":{"line":21,"column":12},"end":{"line":21,"column":36}},{"start":{"line":21,"column":40},"end":{"line":21,"column":63}},{"start":{"line":21,"column":69},"end":{"line":21,"column":93}},{"start":{"line":21,"column":97},"end":{"line":21,"column":120}}],"line":21}},"s":{"0":7,"1":7,"2":7,"3":5,"4":7,"5":16,"6":1,"7":15,"8":1,"9":14,"10":1,"11":13,"12":1,"13":12,"14":1,"15":11,"16":1,"17":10,"18":5,"19":10,"20":7,"21":2,"22":7,"23":1,"24":7,"25":1,"26":7},"f":{"0":7,"1":5,"2":16,"3":2,"4":1,"5":1},"b":{"0":[2],"1":[1,15],"2":[1,14],"3":[1,13],"4":[1,12],"5":[1,11],"6":[1,10],"7":[11,5],"8":[5,5],"9":[10,6,9,4]},"_coverageSchema":"43e27e138ebf9cfc5966b082cf9a028302ed4184","hash":"b9b71956acbc93b365c69cfd7fbd4765844e3bcf"}
,"/Users/gabryelmacedo/Desktop/Computacao/node/API-REST-Node-TDD/src/services/transfer.js": {"path":"/Users/gabryelmacedo/Desktop/Computacao/node/API-REST-Node-TDD/src/services/transfer.js","statementMap":{"0":{"start":{"line":1,"column":24},"end":{"line":1,"column":60}},"1":{"start":{"line":2,"column":18},"end":{"line":2,"column":48}},"2":{"start":{"line":4,"column":0},"end":{"line":67,"column":1}},"3":{"start":{"line":5,"column":17},"end":{"line":9,"column":5}},"4":{"start":{"line":6,"column":8},"end":{"line":8,"column":21}},"5":{"start":{"line":11,"column":21},"end":{"line":15,"column":5}},"6":{"start":{"line":12,"column":6},"end":{"line":14,"column":18}},"7":{"start":{"line":17,"column":21},"end":{"line":29,"column":5}},"8":{"start":{"line":18,"column":6},"end":{"line":18,"column":96}},"9":{"start":{"line":18,"column":32},"end":{"line":18,"column":96}},"10":{"start":{"line":19,"column":6},"end":{"line":19,"column":88}},"11":{"start":{"line":19,"column":28},"end":{"line":19,"column":88}},"12":{"start":{"line":20,"column":6},"end":{"line":20,"column":84}},"13":{"start":{"line":20,"column":25},"end":{"line":20,"column":84}},"14":{"start":{"line":21,"column":6},"end":{"line":21,"column":101}},"15":{"start":{"line":21,"column":31},"end":{"line":21,"column":101}},"16":{"start":{"line":22,"column":6},"end":{"line":22,"column":103}},"17":{"start":{"line":22,"column":32},"end":{"line":22,"column":103}},"18":{"start":{"line":23,"column":6},"end":{"line":23,"column":120}},"19":{"start":{"line":23,"column":55},"end":{"line":23,"column":120}},"20":{"start":{"line":25,"column":23},"end":{"line":25,"column":106}},"21":{"start":{"line":26,"column":6},"end":{"line":28,"column":9}},"22":{"start":{"line":27,"column":8},"end":{"line":27,"column":118}},"23":{"start":{"line":27,"column":58},"end":{"line":27,"column":118}},"24":{"start":{"line":31,"column":17},"end":{"line":43,"column":5}},"25":{"start":{"line":33,"column":21},"end":{"line":33,"column":68}},"26":{"start":{"line":34,"column":25},"end":{"line":34,"column":37}},"27":{"start":{"line":36,"column":27},"end":{"line":39,"column":7}},"28":{"start":{"line":41,"column":6},"end":{"line":41,"column":55}},"29":{"start":{"line":42,"column":6},"end":{"line":42,"column":19}},"30":{"start":{"line":45,"column":19},"end":{"line":57,"column":5}},"31":{"start":{"line":47,"column":21},"end":{"line":47,"column":80}},"32":{"start":{"line":49,"column":27},"end":{"line":52,"column":7}},"33":{"start":{"line":54,"column":6},"end":{"line":54,"column":65}},"34":{"start":{"line":55,"column":6},"end":{"line":55,"column":55}},"35":{"start":{"line":56,"column":6},"end":{"line":56,"column":19}},"36":{"start":{"line":59,"column":19},"end":{"line":62,"column":5}},"37":{"start":{"line":60,"column":6},"end":{"line":60,"column":65}},"38":{"start":{"line":61,"column":6},"end":{"line":61,"column":50}},"39":{"start":{"line":66,"column":4},"end":{"line":66,"column":61}}},"fnMap":{"0":{"name":"(anonymous_0)","decl":{"start":{"line":4,"column":17},"end":{"line":4,"column":18}},"loc":{"start":{"line":4,"column":26},"end":{"line":67,"column":1}},"line":4},"1":{"name":"(anonymous_1)","decl":{"start":{"line":5,"column":17},"end":{"line":5,"column":18}},"loc":{"start":{"line":5,"column":34},"end":{"line":9,"column":5}},"line":5},"2":{"name":"(anonymous_2)","decl":{"start":{"line":11,"column":21},"end":{"line":11,"column":22}},"loc":{"start":{"line":11,"column":38},"end":{"line":15,"column":5}},"line":11},"3":{"name":"(anonymous_3)","decl":{"start":{"line":17,"column":21},"end":{"line":17,"column":22}},"loc":{"start":{"line":17,"column":41},"end":{"line":29,"column":5}},"line":17},"4":{"name":"(anonymous_4)","decl":{"start":{"line":26,"column":23},"end":{"line":26,"column":24}},"loc":{"start":{"line":26,"column":29},"end":{"line":28,"column":7}},"line":26},"5":{"name":"(anonymous_5)","decl":{"start":{"line":31,"column":17},"end":{"line":31,"column":18}},"loc":{"start":{"line":31,"column":37},"end":{"line":43,"column":5}},"line":31},"6":{"name":"(anonymous_6)","decl":{"start":{"line":45,"column":19},"end":{"line":45,"column":20}},"loc":{"start":{"line":45,"column":43},"end":{"line":57,"column":5}},"line":45},"7":{"name":"(anonymous_7)","decl":{"start":{"line":59,"column":19},"end":{"line":59,"column":20}},"loc":{"start":{"line":59,"column":33},"end":{"line":62,"column":5}},"line":59}},"branchMap":{"0":{"loc":{"start":{"line":5,"column":18},"end":{"line":5,"column":29}},"type":"default-arg","locations":[{"start":{"line":5,"column":27},"end":{"line":5,"column":29}}],"line":5},"1":{"loc":{"start":{"line":11,"column":22},"end":{"line":11,"column":33}},"type":"default-arg","locations":[{"start":{"line":11,"column":31},"end":{"line":11,"column":33}}],"line":11},"2":{"loc":{"start":{"line":18,"column":6},"end":{"line":18,"column":96}},"type":"if","locations":[{"start":{"line":18,"column":6},"end":{"line":18,"column":96}},{"start":{"line":18,"column":6},"end":{"line":18,"column":96}}],"line":18},"3":{"loc":{"start":{"line":19,"column":6},"end":{"line":19,"column":88}},"type":"if","locations":[{"start":{"line":19,"column":6},"end":{"line":19,"column":88}},{"start":{"line":19,"column":6},"end":{"line":19,"column":88}}],"line":19},"4":{"loc":{"start":{"line":20,"column":6},"end":{"line":20,"column":84}},"type":"if","locations":[{"start":{"line":20,"column":6},"end":{"line":20,"column":84}},{"start":{"line":20,"column":6},"end":{"line":20,"column":84}}],"line":20},"5":{"loc":{"start":{"line":21,"column":6},"end":{"line":21,"column":101}},"type":"if","locations":[{"start":{"line":21,"column":6},"end":{"line":21,"column":101}},{"start":{"line":21,"column":6},"end":{"line":21,"column":101}}],"line":21},"6":{"loc":{"start":{"line":22,"column":6},"end":{"line":22,"column":103}},"type":"if","locations":[{"start":{"line":22,"column":6},"end":{"line":22,"column":103}},{"start":{"line":22,"column":6},"end":{"line":22,"column":103}}],"line":22},"7":{"loc":{"start":{"line":23,"column":6},"end":{"line":23,"column":120}},"type":"if","locations":[{"start":{"line":23,"column":6},"end":{"line":23,"column":120}},{"start":{"line":23,"column":6},"end":{"line":23,"column":120}}],"line":23},"8":{"loc":{"start":{"line":27,"column":8},"end":{"line":27,"column":118}},"type":"if","locations":[{"start":{"line":27,"column":8},"end":{"line":27,"column":118}},{"start":{"line":27,"column":8},"end":{"line":27,"column":118}}],"line":27}},"s":{"0":7,"1":7,"2":7,"3":7,"4":1,"5":7,"6":12,"7":7,"8":17,"9":2,"10":15,"11":2,"12":13,"13":2,"14":11,"15":2,"16":9,"17":2,"18":7,"19":2,"20":5,"21":5,"22":10,"23":2,"24":7,"25":2,"26":2,"27":2,"28":2,"29":2,"30":7,"31":1,"32":1,"33":1,"34":1,"35":1,"36":7,"37":1,"38":1,"39":7},"f":{"0":7,"1":1,"2":12,"3":17,"4":10,"5":2,"6":1,"7":1},"b":{"0":[0],"1":[0],"2":[2,15],"3":[2,13],"4":[2,11],"5":[2,9],"6":[2,7],"7":[2,5],"8":[2,8]},"_coverageSchema":"43e27e138ebf9cfc5966b082cf9a028302ed4184","hash":"617964365fcda81a8967d006a79b81e5ca77458f"}
,"/Users/gabryelmacedo/Desktop/Computacao/node/API-REST-Node-TDD/src/services/user.js": {"path":"/Users/gabryelmacedo/Desktop/Computacao/node/API-REST-Node-TDD/src/services/user.js","statementMap":{"0":{"start":{"line":1,"column":15},"end":{"line":1,"column":39}},"1":{"start":{"line":2,"column":24},"end":{"line":2,"column":60}},"2":{"start":{"line":4,"column":0},"end":{"line":34,"column":1}},"3":{"start":{"line":5,"column":20},"end":{"line":7,"column":5}},"4":{"start":{"line":6,"column":8},"end":{"line":6,"column":61}},"5":{"start":{"line":9,"column":17},"end":{"line":11,"column":5}},"6":{"start":{"line":10,"column":8},"end":{"line":10,"column":52}},"7":{"start":{"line":13,"column":28},"end":{"line":16,"column":5}},"8":{"start":{"line":14,"column":21},"end":{"line":14,"column":43}},"9":{"start":{"line":15,"column":8},"end":{"line":15,"column":46}},"10":{"start":{"line":18,"column":17},"end":{"line":31,"column":5}},"11":{"start":{"line":20,"column":8},"end":{"line":20,"column":82}},"12":{"start":{"line":20,"column":23},"end":{"line":20,"column":82}},"13":{"start":{"line":21,"column":8},"end":{"line":21,"column":83}},"14":{"start":{"line":21,"column":23},"end":{"line":21,"column":83}},"15":{"start":{"line":22,"column":8},"end":{"line":22,"column":87}},"16":{"start":{"line":22,"column":27},"end":{"line":22,"column":87}},"17":{"start":{"line":24,"column":23},"end":{"line":24,"column":52}},"18":{"start":{"line":25,"column":8},"end":{"line":25,"column":83}},"19":{"start":{"line":25,"column":19},"end":{"line":25,"column":83}},"20":{"start":{"line":27,"column":24},"end":{"line":27,"column":35}},"21":{"start":{"line":28,"column":8},"end":{"line":28,"column":57}},"22":{"start":{"line":30,"column":8},"end":{"line":30,"column":70}},"23":{"start":{"line":33,"column":4},"end":{"line":33,"column":34}}},"fnMap":{"0":{"name":"(anonymous_0)","decl":{"start":{"line":4,"column":17},"end":{"line":4,"column":18}},"loc":{"start":{"line":4,"column":26},"end":{"line":34,"column":1}},"line":4},"1":{"name":"(anonymous_1)","decl":{"start":{"line":5,"column":20},"end":{"line":5,"column":21}},"loc":{"start":{"line":5,"column":26},"end":{"line":7,"column":5}},"line":5},"2":{"name":"(anonymous_2)","decl":{"start":{"line":9,"column":17},"end":{"line":9,"column":18}},"loc":{"start":{"line":9,"column":29},"end":{"line":11,"column":5}},"line":9},"3":{"name":"(anonymous_3)","decl":{"start":{"line":13,"column":28},"end":{"line":13,"column":29}},"loc":{"start":{"line":13,"column":42},"end":{"line":16,"column":5}},"line":13},"4":{"name":"(anonymous_4)","decl":{"start":{"line":18,"column":17},"end":{"line":18,"column":18}},"loc":{"start":{"line":18,"column":33},"end":{"line":31,"column":5}},"line":18}},"branchMap":{"0":{"loc":{"start":{"line":20,"column":8},"end":{"line":20,"column":82}},"type":"if","locations":[{"start":{"line":20,"column":8},"end":{"line":20,"column":82}},{"start":{"line":20,"column":8},"end":{"line":20,"column":82}}],"line":20},"1":{"loc":{"start":{"line":21,"column":8},"end":{"line":21,"column":83}},"type":"if","locations":[{"start":{"line":21,"column":8},"end":{"line":21,"column":83}},{"start":{"line":21,"column":8},"end":{"line":21,"column":83}}],"line":21},"2":{"loc":{"start":{"line":22,"column":8},"end":{"line":22,"column":87}},"type":"if","locations":[{"start":{"line":22,"column":8},"end":{"line":22,"column":87}},{"start":{"line":22,"column":8},"end":{"line":22,"column":87}}],"line":22},"3":{"loc":{"start":{"line":25,"column":8},"end":{"line":25,"column":83}},"type":"if","locations":[{"start":{"line":25,"column":8},"end":{"line":25,"column":83}},{"start":{"line":25,"column":8},"end":{"line":25,"column":83}}],"line":25}},"s":{"0":7,"1":7,"2":7,"3":7,"4":1,"5":7,"6":81,"7":7,"8":7,"9":7,"10":7,"11":11,"12":1,"13":10,"14":1,"15":9,"16":1,"17":8,"18":8,"19":1,"20":7,"21":7,"22":7,"23":7},"f":{"0":7,"1":1,"2":81,"3":7,"4":11},"b":{"0":[1,10],"1":[1,9],"2":[1,8],"3":[1,7]},"_coverageSchema":"43e27e138ebf9cfc5966b082cf9a028302ed4184","hash":"70b28e6082d0475553de7368e729f3b936dd2f8f"}
}
