TN:
SF:/Users/gabryelmacedo/Desktop/Computacao/node/API-REST-Node-TDD/knexfile.js
FNF:0
FNH:0
DA:1,7
LF:1
LH:1
BRF:0
BRH:0
end_of_record
TN:
SF:/Users/gabryelmacedo/Desktop/Computacao/node/API-REST-Node-TDD/src/app.js
FN:18,(anonymous_0)
FN:22,(anonymous_1)
FNF:2
FNH:2
FNDA:1,(anonymous_0)
FNDA:33,(anonymous_1)
DA:1,7
DA:2,7
DA:3,7
DA:4,7
DA:8,7
DA:10,7
DA:18,7
DA:19,1
DA:22,7
DA:23,33
DA:24,33
DA:25,5
DA:27,0
DA:28,0
DA:30,33
DA:34,7
LF:16
LH:14
BRDA:24,0,0,28
BRDA:24,0,1,5
BRDA:25,1,0,5
BRDA:25,1,1,0
BRF:4
BRH:3
end_of_record
TN:
SF:/Users/gabryelmacedo/Desktop/Computacao/node/API-REST-Node-TDD/src/config/middlewares.js
FN:5,(anonymous_0)
FNF:1
FNH:1
FNDA:7,(anonymous_0)
DA:1,7
DA:2,7
DA:3,7
DA:5,7
DA:6,7
DA:7,7
DA:8,7
LF:7
LH:7
BRF:0
BRH:0
end_of_record
TN:
SF:/Users/gabryelmacedo/Desktop/Computacao/node/API-REST-Node-TDD/src/config/passport.js
FN:7,(anonymous_0)
FN:13,(anonymous_1)
FN:15,(anonymous_2)
FN:19,(anonymous_3)
FN:25,(anonymous_4)
FNF:5
FNH:4
FNDA:7,(anonymous_0)
FNDA:70,(anonymous_1)
FNDA:70,(anonymous_2)
FNDA:0,(anonymous_3)
FNDA:7,(anonymous_4)
DA:1,7
DA:2,7
DA:3,7
DA:5,7
DA:7,7
DA:8,7
DA:13,7
DA:14,70
DA:16,70
DA:17,0
DA:19,0
DA:22,7
DA:24,7
DA:25,7
LF:14
LH:12
BRDA:16,0,0,70
BRDA:16,0,1,0
BRF:2
BRH:1
end_of_record
TN:
SF:/Users/gabryelmacedo/Desktop/Computacao/node/API-REST-Node-TDD/src/config/router.js
FN:3,(anonymous_0)
FNF:1
FNH:1
FNDA:7,(anonymous_0)
DA:1,7
DA:3,7
DA:4,7
DA:6,7
DA:8,7
DA:9,7
DA:10,7
DA:11,7
DA:12,7
DA:14,7
LF:10
LH:10
BRF:0
BRH:0
end_of_record
TN:
SF:/Users/gabryelmacedo/Desktop/Computacao/node/API-REST-Node-TDD/src/config/variables.js
FNF:0
FNH:0
DA:1,7
DA:10,7
LF:2
LH:2
BRDA:3,0,0,7
BRDA:3,0,1,7
BRF:2
BRH:2
end_of_record
TN:
SF:/Users/gabryelmacedo/Desktop/Computacao/node/API-REST-Node-TDD/src/errors/ResourceError.js
FN:1,ResourceError
FNF:1
FNH:1
FNDA:5,ResourceError
DA:1,7
DA:2,5
DA:3,5
LF:3
LH:3
BRDA:1,0,0,5
BRF:1
BRH:1
end_of_record
TN:
SF:/Users/gabryelmacedo/Desktop/Computacao/node/API-REST-Node-TDD/src/errors/ValidationError.js
FN:1,ValidationError
FNF:1
FNH:1
FNDA:28,ValidationError
DA:1,7
DA:2,28
DA:3,28
LF:3
LH:3
BRF:0
BRH:0
end_of_record
TN:
SF:/Users/gabryelmacedo/Desktop/Computacao/node/API-REST-Node-TDD/src/routes/accounts.js
FN:4,(anonymous_0)
FN:7,(anonymous_1)
FN:9,(anonymous_2)
FN:13,(anonymous_3)
FN:16,(anonymous_4)
FN:18,(anonymous_5)
FN:21,(anonymous_6)
FN:24,(anonymous_7)
FN:26,(anonymous_8)
FN:27,(anonymous_9)
FN:30,(anonymous_10)
FN:32,(anonymous_11)
FN:33,(anonymous_12)
FN:36,(anonymous_13)
FN:38,(anonymous_14)
FN:39,(anonymous_15)
FN:42,(anonymous_16)
FN:44,(anonymous_17)
FN:45,(anonymous_18)
FNF:19
FNH:16
FNDA:7,(anonymous_0)
FNDA:7,(anonymous_1)
FNDA:7,(anonymous_2)
FNDA:3,(anonymous_3)
FNDA:3,(anonymous_4)
FNDA:1,(anonymous_5)
FNDA:2,(anonymous_6)
FNDA:1,(anonymous_7)
FNDA:1,(anonymous_8)
FNDA:0,(anonymous_9)
FNDA:1,(anonymous_10)
FNDA:1,(anonymous_11)
FNDA:0,(anonymous_12)
FNDA:1,(anonymous_13)
FNDA:1,(anonymous_14)
FNDA:0,(anonymous_15)
FNDA:2,(anonymous_16)
FNDA:1,(anonymous_17)
FNDA:1,(anonymous_18)
DA:1,7
DA:2,7
DA:4,7
DA:5,7
DA:7,7
DA:8,7
DA:10,7
DA:11,4
DA:13,3
DA:16,7
DA:17,3
DA:19,1
DA:21,2
DA:24,7
DA:25,1
DA:26,1
DA:27,0
DA:30,7
DA:31,1
DA:32,1
DA:33,0
DA:36,7
DA:37,1
DA:38,1
DA:39,0
DA:42,7
DA:43,2
DA:44,1
DA:45,1
DA:48,7
LF:30
LH:27
BRDA:10,0,0,3
BRDA:10,0,1,4
BRF:2
BRH:2
end_of_record
TN:
SF:/Users/gabryelmacedo/Desktop/Computacao/node/API-REST-Node-TDD/src/routes/auth.js
FN:7,(anonymous_0)
FN:10,(anonymous_1)
FN:12,(anonymous_2)
FN:24,(anonymous_3)
FN:27,(anonymous_4)
FNF:5
FNH:5
FNDA:7,(anonymous_0)
FNDA:2,(anonymous_1)
FNDA:2,(anonymous_2)
FNDA:1,(anonymous_3)
FNDA:1,(anonymous_4)
DA:1,7
DA:2,7
DA:3,7
DA:4,7
DA:5,7
DA:7,7
DA:8,7
DA:10,7
DA:11,2
DA:13,2
DA:14,1
DA:15,1
DA:20,1
DA:21,1
DA:22,0
DA:24,1
DA:27,7
DA:28,1
DA:29,1
DA:30,1
DA:32,0
DA:36,7
LF:22
LH:20
BRDA:13,0,0,1
BRDA:13,0,1,1
BRDA:14,1,0,1
BRDA:14,1,1,0
BRF:4
BRH:3
end_of_record
TN:
SF:/Users/gabryelmacedo/Desktop/Computacao/node/API-REST-Node-TDD/src/routes/balance.js
FN:3,(anonymous_0)
FN:6,(anonymous_1)
FN:8,(anonymous_2)
FN:9,(anonymous_3)
FNF:4
FNH:3
FNDA:7,(anonymous_0)
FNDA:10,(anonymous_1)
FNDA:10,(anonymous_2)
FNDA:0,(anonymous_3)
DA:1,7
DA:3,7
DA:4,7
DA:6,7
DA:7,10
DA:8,10
DA:9,0
DA:12,7
LF:8
LH:7
BRF:0
BRH:0
end_of_record
TN:
SF:/Users/gabryelmacedo/Desktop/Computacao/node/API-REST-Node-TDD/src/routes/transactions.js
FN:4,(anonymous_0)
FN:7,(anonymous_1)
FN:9,(anonymous_2)
FN:12,(anonymous_3)
FN:15,(anonymous_4)
FN:17,(anonymous_5)
FN:18,(anonymous_6)
FN:21,(anonymous_7)
FN:23,(anonymous_8)
FN:24,(anonymous_9)
FN:27,(anonymous_10)
FN:29,(anonymous_11)
FN:30,(anonymous_12)
FN:33,(anonymous_13)
FN:35,(anonymous_14)
FN:36,(anonymous_15)
FN:39,(anonymous_16)
FN:41,(anonymous_17)
FN:42,(anonymous_18)
FNF:19
FNH:12
FNDA:7,(anonymous_0)
FNDA:3,(anonymous_1)
FNDA:3,(anonymous_2)
FNDA:1,(anonymous_3)
FNDA:2,(anonymous_4)
FNDA:2,(anonymous_5)
FNDA:0,(anonymous_6)
FNDA:16,(anonymous_7)
FNDA:10,(anonymous_8)
FNDA:0,(anonymous_9)
FNDA:0,(anonymous_10)
FNDA:0,(anonymous_11)
FNDA:0,(anonymous_12)
FNDA:1,(anonymous_13)
FNDA:1,(anonymous_14)
FNDA:0,(anonymous_15)
FNDA:1,(anonymous_16)
FNDA:1,(anonymous_17)
FNDA:0,(anonymous_18)
DA:1,7
DA:2,7
DA:4,7
DA:5,7
DA:7,7
DA:8,3
DA:10,3
DA:11,1
DA:12,1
DA:15,7
DA:16,2
DA:17,2
DA:18,0
DA:21,7
DA:22,16
DA:23,10
DA:24,0
DA:27,7
DA:28,0
DA:29,0
DA:30,0
DA:33,7
DA:34,1
DA:35,1
DA:36,0
DA:39,7
DA:40,1
DA:41,1
DA:42,0
DA:45,7
LF:30
LH:23
BRDA:10,0,0,2
BRDA:10,0,1,1
BRF:2
BRH:2
end_of_record
TN:
SF:/Users/gabryelmacedo/Desktop/Computacao/node/API-REST-Node-TDD/src/routes/transfers.js
FN:4,(anonymous_0)
FN:7,(anonymous_1)
FN:9,(anonymous_2)
FN:14,(anonymous_3)
FN:17,(anonymous_4)
FN:19,(anonymous_5)
FN:20,(anonymous_6)
FN:23,(anonymous_7)
FN:25,(anonymous_8)
FN:26,(anonymous_9)
FN:29,(anonymous_10)
FN:31,(anonymous_11)
FN:32,(anonymous_12)
FN:35,(anonymous_13)
FN:38,(anonymous_14)
FN:39,(anonymous_15)
FN:42,(anonymous_16)
FN:44,(anonymous_17)
FN:45,(anonymous_18)
FN:48,(anonymous_19)
FN:50,(anonymous_20)
FN:51,(anonymous_21)
FNF:22
FNH:17
FNDA:7,(anonymous_0)
FNDA:11,(anonymous_1)
FNDA:11,(anonymous_2)
FNDA:1,(anonymous_3)
FNDA:17,(anonymous_4)
FNDA:3,(anonymous_5)
FNDA:14,(anonymous_6)
FNDA:1,(anonymous_7)
FNDA:1,(anonymous_8)
FNDA:0,(anonymous_9)
FNDA:1,(anonymous_10)
FNDA:1,(anonymous_11)
FNDA:0,(anonymous_12)
FNDA:2,(anonymous_13)
FNDA:2,(anonymous_14)
FNDA:0,(anonymous_15)
FNDA:1,(anonymous_16)
FNDA:1,(anonymous_17)
FNDA:0,(anonymous_18)
FNDA:1,(anonymous_19)
FNDA:1,(anonymous_20)
FNDA:0,(anonymous_21)
DA:1,7
DA:2,7
DA:4,7
DA:5,7
DA:7,7
DA:8,11
DA:10,11
DA:11,11
DA:12,10
DA:14,1
DA:17,7
DA:18,17
DA:19,3
DA:20,14
DA:23,7
DA:24,1
DA:25,1
DA:26,0
DA:29,7
DA:30,1
DA:31,1
DA:32,0
DA:35,7
DA:36,2
DA:37,2
DA:38,2
DA:39,0
DA:42,7
DA:43,1
DA:44,1
DA:45,0
DA:48,7
DA:49,1
DA:50,1
DA:51,0
DA:54,7
LF:36
LH:31
BRDA:11,0,0,1
BRDA:11,0,1,10
BRF:2
BRH:2
end_of_record
TN:
SF:/Users/gabryelmacedo/Desktop/Computacao/node/API-REST-Node-TDD/src/routes/users.js
FN:3,(anonymous_0)
FN:6,(anonymous_1)
FN:8,(anonymous_2)
FN:9,(anonymous_3)
FN:12,(anonymous_4)
FN:14,(anonymous_5)
FN:15,(anonymous_6)
FN:18,(anonymous_7)
FNF:8
FNH:4
FNDA:7,(anonymous_0)
FNDA:1,(anonymous_1)
FNDA:1,(anonymous_2)
FNDA:0,(anonymous_3)
FNDA:0,(anonymous_4)
FNDA:0,(anonymous_5)
FNDA:0,(anonymous_6)
FNDA:6,(anonymous_7)
DA:1,7
DA:3,7
DA:4,7
DA:6,7
DA:7,1
DA:8,1
DA:9,0
DA:12,7
DA:13,0
DA:14,0
DA:15,0
DA:18,7
DA:19,6
DA:20,6
DA:21,2
DA:23,4
DA:27,7
LF:17
LH:13
BRF:0
BRH:0
end_of_record
TN:
SF:/Users/gabryelmacedo/Desktop/Computacao/node/API-REST-Node-TDD/src/seeds/01_transfer.js
FN:2,(anonymous_0)
FN:5,(anonymous_1)
FN:6,(anonymous_2)
FN:7,(anonymous_3)
FN:8,(anonymous_4)
FN:12,(anonymous_5)
FN:18,(anonymous_6)
FN:22,(anonymous_7)
FNF:8
FNH:8
FNDA:2,(anonymous_0)
FNDA:2,(anonymous_1)
FNDA:2,(anonymous_2)
FNDA:2,(anonymous_3)
FNDA:2,(anonymous_4)
FNDA:2,(anonymous_5)
FNDA:2,(anonymous_6)
FNDA:2,(anonymous_7)
DA:2,2
DA:4,2
DA:5,2
DA:6,2
DA:7,2
DA:8,2
DA:12,2
DA:18,2
DA:22,2
LF:9
LH:9
BRF:0
BRH:0
end_of_record
TN:
SF:/Users/gabryelmacedo/Desktop/Computacao/node/API-REST-Node-TDD/src/seeds/02_balance.js
FN:4,(anonymous_0)
FN:11,(anonymous_1)
FN:19,(anonymous_2)
FN:23,(anonymous_3)
FNF:4
FNH:4
FNDA:2,(anonymous_0)
FNDA:2,(anonymous_1)
FNDA:2,(anonymous_2)
FNDA:2,(anonymous_3)
DA:2,2
DA:4,2
DA:6,2
DA:11,2
DA:19,2
DA:23,2
LF:6
LH:6
BRF:0
BRH:0
end_of_record
TN:
SF:/Users/gabryelmacedo/Desktop/Computacao/node/API-REST-Node-TDD/src/services/account.js
FN:3,(anonymous_0)
FN:4,(anonymous_1)
FN:13,(anonymous_2)
FN:17,(anonymous_3)
FN:21,(anonymous_4)
FN:25,(anonymous_5)
FNF:6
FNH:6
FNDA:7,(anonymous_0)
FNDA:3,(anonymous_1)
FNDA:1,(anonymous_2)
FNDA:10,(anonymous_3)
FNDA:1,(anonymous_4)
FNDA:2,(anonymous_5)
DA:1,7
DA:3,7
DA:4,7
DA:5,3
DA:7,2
DA:8,2
DA:10,1
DA:13,7
DA:14,1
DA:17,7
DA:18,10
DA:21,7
DA:22,1
DA:25,7
DA:26,2
DA:27,2
DA:29,1
DA:32,7
LF:18
LH:18
BRDA:5,0,0,1
BRDA:5,0,1,2
BRDA:8,1,0,1
BRDA:8,1,1,1
BRDA:13,2,0,0
BRDA:17,3,0,0
BRDA:27,4,0,1
BRDA:27,4,1,1
BRF:8
BRH:6
end_of_record
TN:
SF:/Users/gabryelmacedo/Desktop/Computacao/node/API-REST-Node-TDD/src/services/balance.js
FN:1,(anonymous_0)
FN:2,(anonymous_1)
FNF:2
FNH:2
FNDA:7,(anonymous_0)
FNDA:10,(anonymous_1)
DA:1,7
DA:2,7
DA:3,10
DA:12,7
LF:4
LH:4
BRF:0
BRH:0
end_of_record
TN:
SF:/Users/gabryelmacedo/Desktop/Computacao/node/API-REST-Node-TDD/src/services/transaction.js
FN:3,(anonymous_0)
FN:4,(anonymous_1)
FN:12,(anonymous_2)
FN:29,(anonymous_3)
FN:33,(anonymous_4)
FN:39,(anonymous_5)
FNF:6
FNH:6
FNDA:7,(anonymous_0)
FNDA:5,(anonymous_1)
FNDA:16,(anonymous_2)
FNDA:2,(anonymous_3)
FNDA:1,(anonymous_4)
FNDA:1,(anonymous_5)
DA:1,7
DA:3,7
DA:4,7
DA:5,5
DA:12,7
DA:14,16
DA:15,15
DA:16,14
DA:17,13
DA:18,12
DA:19,11
DA:21,10
DA:22,5
DA:25,10
DA:29,7
DA:30,2
DA:33,7
DA:34,1
DA:39,7
DA:40,1
DA:45,7
LF:21
LH:21
BRDA:4,0,0,2
BRDA:14,1,0,1
BRDA:14,1,1,15
BRDA:15,2,0,1
BRDA:15,2,1,14
BRDA:16,3,0,1
BRDA:16,3,1,13
BRDA:17,4,0,1
BRDA:17,4,1,12
BRDA:18,5,0,1
BRDA:18,5,1,11
BRDA:19,6,0,1
BRDA:19,6,1,10
BRDA:19,7,0,11
BRDA:19,7,1,5
BRDA:21,8,0,5
BRDA:21,8,1,5
BRDA:21,9,0,10
BRDA:21,9,1,6
BRDA:21,9,2,9
BRDA:21,9,3,4
BRF:21
BRH:21
end_of_record
TN:
SF:/Users/gabryelmacedo/Desktop/Computacao/node/API-REST-Node-TDD/src/services/transfer.js
FN:4,(anonymous_0)
FN:5,(anonymous_1)
FN:11,(anonymous_2)
FN:17,(anonymous_3)
FN:26,(anonymous_4)
FN:31,(anonymous_5)
FN:45,(anonymous_6)
FN:59,(anonymous_7)
FNF:8
FNH:8
FNDA:7,(anonymous_0)
FNDA:1,(anonymous_1)
FNDA:12,(anonymous_2)
FNDA:17,(anonymous_3)
FNDA:10,(anonymous_4)
FNDA:2,(anonymous_5)
FNDA:1,(anonymous_6)
FNDA:1,(anonymous_7)
DA:1,7
DA:2,7
DA:4,7
DA:5,7
DA:6,1
DA:11,7
DA:12,12
DA:17,7
DA:18,17
DA:19,15
DA:20,13
DA:21,11
DA:22,9
DA:23,7
DA:25,5
DA:26,5
DA:27,10
DA:31,7
DA:33,2
DA:34,2
DA:36,2
DA:41,2
DA:42,2
DA:45,7
DA:47,1
DA:49,1
DA:54,1
DA:55,1
DA:56,1
DA:59,7
DA:60,1
DA:61,1
DA:66,7
LF:33
LH:33
BRDA:5,0,0,0
BRDA:11,1,0,0
BRDA:18,2,0,2
BRDA:18,2,1,15
BRDA:19,3,0,2
BRDA:19,3,1,13
BRDA:20,4,0,2
BRDA:20,4,1,11
BRDA:21,5,0,2
BRDA:21,5,1,9
BRDA:22,6,0,2
BRDA:22,6,1,7
BRDA:23,7,0,2
BRDA:23,7,1,5
BRDA:27,8,0,2
BRDA:27,8,1,8
BRF:16
BRH:14
end_of_record
TN:
SF:/Users/gabryelmacedo/Desktop/Computacao/node/API-REST-Node-TDD/src/services/user.js
FN:4,(anonymous_0)
FN:5,(anonymous_1)
FN:9,(anonymous_2)
FN:13,(anonymous_3)
FN:18,(anonymous_4)
FNF:5
FNH:5
FNDA:7,(anonymous_0)
FNDA:1,(anonymous_1)
FNDA:81,(anonymous_2)
FNDA:7,(anonymous_3)
FNDA:11,(anonymous_4)
DA:1,7
DA:2,7
DA:4,7
DA:5,7
DA:6,1
DA:9,7
DA:10,81
DA:13,7
DA:14,7
DA:15,7
DA:18,7
DA:20,11
DA:21,10
DA:22,9
DA:24,8
DA:25,8
DA:27,7
DA:28,7
DA:30,7
DA:33,7
LF:20
LH:20
BRDA:20,0,0,1
BRDA:20,0,1,10
BRDA:21,1,0,1
BRDA:21,1,1,9
BRDA:22,2,0,1
BRDA:22,2,1,8
BRDA:25,3,0,1
BRDA:25,3,1,7
BRF:8
BRH:8
end_of_record
